#
# A fatal error has been detected by the Java Runtime Environment:
#
#  EXCEPTION_ACCESS_VIOLATION (0xc0000005) at pc=0x00007ffecb1ce836, pid=6904, tid=19848
#
# JRE version: Java(TM) SE Runtime Environment (9.0+11) (build 9.0.4+11)
# Java VM: Java HotSpot(TM) 64-Bit Server VM (9.0.4+11, mixed mode, tiered, compressed oops, g1 gc, windows-amd64)
# Problematic frame:
# C  [librdi_simdata.dll+0x2e836]
#
# No core dump will be written. Minidumps are not enabled by default on client versions of Windows
#
# If you would like to submit a bug report, please visit:
#   http://bugreport.java.com/bugreport/crash.jsp
# The crash happened outside the Java Virtual Machine in native code.
# See problematic frame for where to report the bug.
#

---------------  S U M M A R Y ------------

Command Line: -Dsun.java2d.pmoffscreen=false -Dsun.java2d.xrender=false -Dsun.java2d.d3d=false -Dsun.awt.nopixfmt=true -Dsun.java2d.dpiaware=true -Dsun.java2d.uiScale.enabled=false -Xverify:none -Dswing.aatext=true -XX:-UsePerfData -Djdk.map.althashing.threshold=512 -XX:StringTableSize=4072 --add-opens=java.base/java.nio=ALL-UNNAMED --add-opens=java.desktop/sun.swing=ALL-UNNAMED --add-opens=java.desktop/javax.swing=ALL-UNNAMED --add-opens=java.desktop/javax.swing.tree=ALL-UNNAMED --add-opens=java.desktop/javax.swing.plaf.basic=ALL-UNNAMED --add-opens=java.desktop/javax.swing.plaf.synth=ALL-UNNAMED --add-opens=java.desktop/com.sun.awt=ALL-UNNAMED -XX:NewSize=60m -XX:MaxNewSize=60m -Xms128m -Xmx3072m -Xss5m 

Host: AMD Ryzen 7 3750H with Radeon Vega Mobile Gfx  , 8 cores, 7G,  Windows 10 , 64 bit Build 19041 (10.0.19041.2364)
Time: Wed Feb 15 17:27:22 2023 ¢Dx¢D_?D¡PCRE?! elapsed time: 7503 seconds (0d 2h 5m 3s)

---------------  T H R E A D  ---------------

Current thread (0x0000022492a82000):  JavaThread "AWT-EventQueue-1" [_thread_in_native, id=19848, stack(0x000000fa5ad00000,0x000000fa5b200000)]

Stack: [0x000000fa5ad00000,0x000000fa5b200000],  sp=0x000000fa5b1fb130,  free space=5100k
Native frames: (J=compiled Java code, j=interpreted, Vv=VM code, C=native code)
C  [librdi_simdata.dll+0x2e836]
C  [librdi_simdata.dll+0x472e7]
C  [librdi_simdata.dll+0x98b0c]
C  0x00000224884540dc

Java frames: (J=compiled Java code, j=interpreted, Vv=VM code)
J 20268  ui.views.simulator.executive.simulationi.SimulationExecutive_getCodeTooltipValue(JLjava/lang/String;IZ)Ljava/lang/String; (0 bytes) @ 0x000002248845403f [0x0000022488453fe0+0x000000000000005f]
J 24689 c2 ui.views.O.d.mouseMoved(Ljava/awt/event/MouseEvent;)V (13 bytes) @ 0x0000022488cda438 [0x0000022488cda100+0x0000000000000338]
J 16034 c2 java.awt.AWTEventMulticaster.mouseMoved(Ljava/awt/event/MouseEvent;)V java.desktop@9.0.4 (27 bytes) @ 0x00000224888b6e74 [0x00000224888b6dc0+0x00000000000000b4]
J 16034 c2 java.awt.AWTEventMulticaster.mouseMoved(Ljava/awt/event/MouseEvent;)V java.desktop@9.0.4 (27 bytes) @ 0x00000224888b6e34 [0x00000224888b6dc0+0x0000000000000074]
J 21550 c2 javax.swing.JComponent.processMouseMotionEvent(Ljava/awt/event/MouseEvent;)V java.desktop@9.0.4 (46 bytes) @ 0x0000022488ea777c [0x0000022488ea76c0+0x00000000000000bc]
J 26021 c2 java.awt.Container.processEvent(Ljava/awt/AWTEvent;)V java.desktop@9.0.4 (22 bytes) @ 0x0000022488f442a0 [0x0000022488f44120+0x0000000000000180]
J 26775 c2 java.awt.Component.dispatchEventImpl(Ljava/awt/AWTEvent;)V java.desktop@9.0.4 (739 bytes) @ 0x000002248942f140 [0x000002248942e680+0x0000000000000ac0]
J 26795 c2 java.awt.Container.dispatchEventImpl(Ljava/awt/AWTEvent;)V java.desktop@9.0.4 (129 bytes) @ 0x0000022489695bdc [0x0000022489695940+0x000000000000029c]
J 24451 c2 java.awt.LightweightDispatcher.retargetMouseEvent(Ljava/awt/Component;ILjava/awt/event/MouseEvent;)V java.desktop@9.0.4 (350 bytes) @ 0x0000022488a7e56c [0x0000022488a7dfc0+0x00000000000005ac]
J 26785 c2 java.awt.LightweightDispatcher.processMouseEvent(Ljava/awt/event/MouseEvent;)Z java.desktop@9.0.4 (265 bytes) @ 0x0000022488e706cc [0x0000022488e6ffc0+0x000000000000070c]
J 26795 c2 java.awt.Container.dispatchEventImpl(Ljava/awt/AWTEvent;)V java.desktop@9.0.4 (129 bytes) @ 0x0000022489695e60 [0x0000022489695940+0x0000000000000520]
J 18408 c2 java.awt.Window.dispatchEventImpl(Ljava/awt/AWTEvent;)V java.desktop@9.0.4 (23 bytes) @ 0x00000224884af98c [0x00000224884af940+0x000000000000004c]
J 13447 c2 java.awt.EventQueue$3.run()Ljava/lang/Object; java.desktop@9.0.4 (5 bytes) @ 0x000002248819dfbc [0x000002248819de00+0x00000000000001bc]
v  ~StubRoutines::call_stub
J 3759  java.security.AccessController.doPrivileged(Ljava/security/PrivilegedAction;Ljava/security/AccessControlContext;)Ljava/lang/Object; java.base@9.0.4 (0 bytes) @ 0x0000022487ce67c6 [0x0000022487ce6760+0x0000000000000066]
J 15989 c2 java.awt.EventQueue$4.run()Ljava/lang/Object; java.desktop@9.0.4 (5 bytes) @ 0x00000224888b01c0 [0x00000224888aff60+0x0000000000000260]
v  ~StubRoutines::call_stub
J 3759  java.security.AccessController.doPrivileged(Ljava/security/PrivilegedAction;Ljava/security/AccessControlContext;)Ljava/lang/Object; java.base@9.0.4 (0 bytes) @ 0x0000022487ce67c6 [0x0000022487ce6760+0x0000000000000066]
J 13431 c2 ui.frmwork.b.d.dispatchEvent(Ljava/awt/AWTEvent;)V (34 bytes) @ 0x000002248811de2c [0x000002248811da00+0x000000000000042c]
J 26397 c2 java.awt.EventDispatchThread.pumpOneEventForFilters(I)V java.desktop@9.0.4 (218 bytes) @ 0x00000224895e929c [0x00000224895e9020+0x000000000000027c]
J 22270% c2 java.awt.EventDispatchThread.pumpEventsForFilter(ILjava/awt/Conditional;Ljava/awt/EventFilter;)V java.desktop@9.0.4 (47 bytes) @ 0x0000022488f6fc78 [0x0000022488f6fb60+0x0000000000000118]
j  java.awt.EventDispatchThread.pumpEventsForHierarchy(ILjava/awt/Conditional;Ljava/awt/Component;)V+11 java.desktop@9.0.4
j  java.awt.EventDispatchThread.pumpEvents(ILjava/awt/Conditional;)V+4 java.desktop@9.0.4
j  java.awt.EventDispatchThread.pumpEvents(Ljava/awt/Conditional;)V+3 java.desktop@9.0.4
j  java.awt.EventDispatchThread.run()V+9 java.desktop@9.0.4
v  ~StubRoutines::call_stub

siginfo: EXCEPTION_ACCESS_VIOLATION (0xc0000005), reading address 0x0000000000002148


Register to memory mapping:

RIP=0x00007ffecb1ce836 librdi_simdata.dll
RAX=0x00000224a20a4eb8 is an unknown value
RBX=0x0000000000000001 is an unknown value
RCX=0x00000224a20a4eb8 is an unknown value
RDX=0x000000fa5b1fb198 is pointing into the stack for thread: 0x0000022492a82000
RSP=0x000000fa5b1fb130 is pointing into the stack for thread: 0x0000022492a82000
RBP=0x000000fa5b1fb230 is pointing into the stack for thread: 0x0000022492a82000
RSI=0x00000224a78f4ee0 is an unknown value
RDI=0x000000fa5b1fb378 is pointing into the stack for thread: 0x0000022492a82000
R8 =0x0000000000000000 is an unknown value
R9 =0x0000000000002120 is an unknown value
R10=0x0000000000000012 is an unknown value
R11=0x000000fa5b1fb300 is pointing into the stack for thread: 0x0000022492a82000
R12=0x00000224977ecce0 is an unknown value
R13=0x0000000000000000 is an unknown value
R14=0x0000000000000000 is an unknown value
R15=0x000000fa5b1fb588 is pointing into the stack for thread: 0x0000022492a82000


Registers:
RAX=0x00000224a20a4eb8, RBX=0x0000000000000001, RCX=0x00000224a20a4eb8, RDX=0x000000fa5b1fb198
RSP=0x000000fa5b1fb130, RBP=0x000000fa5b1fb230, RSI=0x00000224a78f4ee0, RDI=0x000000fa5b1fb378
R8 =0x0000000000000000, R9 =0x0000000000002120, R10=0x0000000000000012, R11=0x000000fa5b1fb300
R12=0x00000224977ecce0, R13=0x0000000000000000, R14=0x0000000000000000, R15=0x000000fa5b1fb588
RIP=0x00007ffecb1ce836, EFLAGS=0x0000000000010246

Top of Stack: (sp=0x000000fa5b1fb130)
0x000000fa5b1fb130:   000000fa5b1fb378 000000fa5b1fb198
0x000000fa5b1fb140:   000000fa5b1fb230 00000224a78f4ee0
0x000000fa5b1fb150:   0000000000000001 000000fa5b1fb280
0x000000fa5b1fb160:   000000fa00000001 00007ffef585871b
0x000000fa5b1fb170:   000000fa5b1fb4c0 00000224977ecce0
0x000000fa5b1fb180:   000000fa5b1fb380 fffffffffffffffe
0x000000fa5b1fb190:   000000fa5b1fb378 000000fa00353177
0x000000fa5b1fb1a0:   00000224ed5d4fb0 0000000000000003
0x000000fa5b1fb1b0:   000000000000000f 0000010500000000
0x000000fa5b1fb1c0:   0000000000000074 00007ffeb7b7e5d4
0x000000fa5b1fb1d0:   0000000200000003 00000224000000c6
0x000000fa5b1fb1e0:   0000000202e05ae0 00000224886f4608
0x000000fa5b1fb1f0:   000000fa5b1fb2f4 000000fa5b1fb280
0x000000fa5b1fb200:   000000fa5b1fb380 000000fa5b1fb210
0x000000fa5b1fb210:   000000fa5b1fb2f4 00000224efd151c8
0x000000fa5b1fb220:   0000000000000000 000002248866c190 

Instructions: (pc=0x00007ffecb1ce836)
0x00007ffecb1ce816:   b0 e8 c4 31 fe ff 48 8b 06 48 8b ce ff 90 b8 00
0x00007ffecb1ce826:   00 00 4c 8b 08 45 33 c0 48 8d 54 24 68 48 8b c8
0x00007ffecb1ce836:   41 ff 51 28 48 8b d8 44 89 74 24 20 4c 8d 0d 4f
0x00007ffecb1ce846:   0f 22 00 4c 8d 05 18 0f 22 00 33 d2 48 8b c8 e8 



---------------  P R O C E S S  ---------------

Java Threads: ( => current thread )
  0x000002249e620800 JavaThread "Image Fetcher 0" daemon [_thread_blocked, id=19408, stack(0x000000fa5f400000,0x000000fa5f900000)]
  0x000002249e624000 JavaThread "Relaunch Simulation Thread" [_thread_blocked, id=2528, stack(0x000000fa5e500000,0x000000fa5ea00000)]
  0x000002249e622800 JavaThread "SyntheticaAnimation 50" daemon [_thread_blocked, id=3916, stack(0x000000fa5e000000,0x000000fa5e500000)]
  0x000002249e62d000 JavaThread "ForkJoinPool.commonPool-worker-9" daemon [_thread_blocked, id=15644, stack(0x000000fa60800000,0x000000fa60d00000)]
  0x000002249e625000 JavaThread "SyntheticaAnimation 50" daemon [_thread_blocked, id=19812, stack(0x000000fa5d600000,0x000000fa5db00000)]
  0x000002249e622000 JavaThread "Image Animator 2" daemon [_thread_blocked, id=1116, stack(0x000000fa5ef00000,0x000000fa5f400000)]
  0x000002249e628000 JavaThread "Update Runs Swing Worker Thread" [_thread_blocked, id=2908, stack(0x000000fa5ea00000,0x000000fa5ef00000)]
  0x000002249e623800 JavaThread "hw_ila_monitor" [_thread_blocked, id=16960, stack(0x000000fa5db00000,0x000000fa5e000000)]
  0x00000224ef49a800 JavaThread "Refresh Filesets Swing Worker Thread" [_thread_blocked, id=20828, stack(0x000000fa59e00000,0x000000fa5a300000)]
  0x00000224ef49a000 JavaThread "SyntheticaAnimation 70" daemon [_thread_blocked, id=17732, stack(0x000000fa5d100000,0x000000fa5d600000)]
  0x00000224ef49c000 JavaThread "Swing-Shell" daemon [_thread_blocked, id=6088, stack(0x000000fa5b200000,0x000000fa5b700000)]
  0x00000224ef495800 JavaThread "SyntheticaAnimation 25" daemon [_thread_blocked, id=14448, stack(0x000000fa5c900000,0x000000fa5ce00000)]
  0x00000224ef499000 JavaThread "SyntheticaAnimation 50" daemon [_thread_blocked, id=4380, stack(0x000000fa5c400000,0x000000fa5c900000)]
  0x00000224ef49b800 JavaThread "Monitor HEventQueue Thread" [_thread_blocked, id=14124, stack(0x000000fa5bf00000,0x000000fa5c400000)]
  0x00000224ef498800 JavaThread "SyntheticaCleanerThread" daemon [_thread_blocked, id=3632, stack(0x000000fa5b700000,0x000000fa5bc00000)]
  0x00000224ef497800 JavaThread "Batik CleanerThread" daemon [_thread_blocked, id=19008, stack(0x000000fa5a300000,0x000000fa5a800000)]
=>0x0000022492a82000 JavaThread "AWT-EventQueue-1" [_thread_in_native, id=19848, stack(0x000000fa5ad00000,0x000000fa5b200000)]
  0x000002249273a000 JavaThread "Process Messages Thread" [_thread_blocked, id=19116, stack(0x000000fa5a800000,0x000000fa5ad00000)]
  0x00000224f177d000 JavaThread "Thread-1" [_thread_in_native, id=14396, stack(0x000000fa53600000,0x000000fa54a00000)]
  0x000002249296a800 JavaThread "TimerQueue" daemon [_thread_blocked, id=11212, stack(0x000000fa59900000,0x000000fa59e00000)]
  0x00000224e5814000 JavaThread "AWT-Windows" daemon [_thread_in_native, id=19036, stack(0x000000fa59400000,0x000000fa59900000)]
  0x00000224f0b7d000 JavaThread "AWT-Shutdown" [_thread_blocked, id=13656, stack(0x000000fa58f00000,0x000000fa59400000)]
  0x00000224f0b7c000 JavaThread "Java2D Disposer" daemon [_thread_blocked, id=8156, stack(0x000000fa58a00000,0x000000fa58f00000)]
  0x00000224ead8c000 JavaThread "Service Thread" daemon [_thread_blocked, id=2020, stack(0x000000fa58400000,0x000000fa58900000)]
  0x00000224efcf5000 JavaThread "Common-Cleaner" daemon [_thread_blocked, id=11340, stack(0x000000fa57f00000,0x000000fa58400000)]
  0x00000224ef497000 JavaThread "Sweeper thread" daemon [_thread_blocked, id=19644, stack(0x000000fa57a00000,0x000000fa57f00000)]
  0x00000224f0236000 JavaThread "C1 CompilerThread3" daemon [_thread_blocked, id=3392, stack(0x000000fa57900000,0x000000fa57a00000)]
  0x00000224ef460000 JavaThread "C2 CompilerThread2" daemon [_thread_blocked, id=11076, stack(0x000000fa57800000,0x000000fa57900000)]
  0x00000224ef45f800 JavaThread "C2 CompilerThread1" daemon [_thread_blocked, id=4920, stack(0x000000fa57700000,0x000000fa57800000)]
  0x00000224edfcf800 JavaThread "C2 CompilerThread0" daemon [_thread_blocked, id=8188, stack(0x000000fa57600000,0x000000fa57700000)]
  0x00000224ef4d4000 JavaThread "Attach Listener" daemon [_thread_blocked, id=13796, stack(0x000000fa57100000,0x000000fa57600000)]
  0x00000224ef4d3800 JavaThread "Signal Dispatcher" daemon [_thread_blocked, id=1660, stack(0x000000fa56c00000,0x000000fa57100000)]
  0x00000224ef4d8000 JavaThread "Finalizer" daemon [_thread_blocked, id=6212, stack(0x000000fa56700000,0x000000fa56c00000)]
  0x00000224ef4d7800 JavaThread "Reference Handler" daemon [_thread_blocked, id=19120, stack(0x000000fa56200000,0x000000fa56700000)]
  0x00000224efd60000 JavaThread "main" [_thread_blocked, id=3460, stack(0x000000fa53500000,0x000000fa53600000)]

Other Threads:
  0x00000224ef21f800 VMThread "VM Thread" [stack: 0x000000fa56100000,0x000000fa56200000] [id=14680]
  0x00000224ef3c3000 WatcherThread [stack: 0x000000fa58900000,0x000000fa58a00000] [id=10416]
  0x00000224ef3bd800 GCTaskThread "GC Thread#0" [stack: 0x000000fa54d00000,0x000000fa54e00000] [id=15608]
  0x00000224ef3c1000 GCTaskThread "GC Thread#1" [stack: 0x000000fa54e00000,0x000000fa54f00000] [id=20700]
  0x00000224ef3ba800 GCTaskThread "GC Thread#2" [stack: 0x000000fa54f00000,0x000000fa55000000] [id=10112]
  0x00000224ef3be800 GCTaskThread "GC Thread#3" [stack: 0x000000fa55000000,0x000000fa55100000] [id=4692]
  0x00000224ef3bc000 GCTaskThread "GC Thread#4" [stack: 0x000000fa55100000,0x000000fa55200000] [id=11276]
  0x00000224ef3bf800 GCTaskThread "GC Thread#5" [stack: 0x000000fa55200000,0x000000fa55300000] [id=20904]
  0x00000224ef3bd000 GCTaskThread "GC Thread#6" [stack: 0x000000fa55300000,0x000000fa55400000] [id=9644]
  0x00000224ef3c2000 GCTaskThread "GC Thread#7" [stack: 0x000000fa55400000,0x000000fa55500000] [id=15292]
  0x00000224ee854800 ConcurrentGCThread "G1 Main Marker" [stack: 0x000000fa55e00000,0x000000fa55f00000] [id=10064]
  0x00000224ef3bb000 ConcurrentGCThread "G1 Marker#0" [stack: 0x000000fa55f00000,0x000000fa56000000] [id=18996]
  0x00000224ef3c2800 ConcurrentGCThread "G1 Marker#1" [stack: 0x000000fa56000000,0x000000fa56100000] [id=20176]
  0x00000224eddf3800 ConcurrentGCThread "G1 Refine#0" [stack: 0x000000fa55c00000,0x000000fa55d00000] [id=11432]
  0x00000224ea631000 ConcurrentGCThread "G1 Refine#1" [stack: 0x000000fa55b00000,0x000000fa55c00000] [id=2088]
  0x00000224ea630800 ConcurrentGCThread "G1 Refine#2" [stack: 0x000000fa55a00000,0x000000fa55b00000] [id=7624]
  0x00000224eafb4800 ConcurrentGCThread "G1 Refine#3" [stack: 0x000000fa55900000,0x000000fa55a00000] [id=13376]
  0x00000224ebb4a000 ConcurrentGCThread "G1 Refine#4" [stack: 0x000000fa55800000,0x000000fa55900000] [id=5028]
  0x00000224ebb49800 ConcurrentGCThread "G1 Refine#5" [stack: 0x000000fa55700000,0x000000fa55800000] [id=15588]
  0x00000224ee706800 ConcurrentGCThread "G1 Refine#6" [stack: 0x000000fa55600000,0x000000fa55700000] [id=11744]
  0x00000224eaf04000 ConcurrentGCThread "G1 Refine#7" [stack: 0x000000fa55500000,0x000000fa55600000] [id=19248]
  0x00000224eddf4000 ConcurrentGCThread "G1 Young RemSet Sampling" [stack: 0x000000fa55d00000,0x000000fa55e00000] [id=8360]

Threads with active compile tasks:

VM state:not at safepoint (normal execution)

VM Mutex/Monitor currently owned by a thread: None

Heap address: 0x0000000700000000, size: 3072 MB, Compressed Oops mode: Zero based, Oop shift amount: 3
Narrow klass base: 0x0000000000000000, Narrow klass shift: 3
Compressed class space size: 1073741824 Address: 0x00000007c0000000

Heap:
 garbage-first heap   total 232448K, used 124631K [0x0000000700000000, 0x0000000700100718, 0x00000007c0000000)
  region size 1024K, 54 young (55296K), 1 survivors (1024K)
 Metaspace       used 86420K, capacity 88497K, committed 96588K, reserved 1132544K
  class space    used 11276K, capacity 11699K, committed 13388K, reserved 1048576K
Heap Regions: E=young(eden), S=young(survivor), O=old, HS=humongous(starts), HC=humongous(continues), CS=collection set, F=free, A=archive, TS=gc time stamp, AC=allocation context, TAMS=top-at-mark-start (previous, next)
|   0|0x0000000700000000, 0x00000007000fdbd8, 0x0000000700100000| 99%| O|  |TS  0|AC  0|TAMS 0x0000000700000000, 0x0000000700000000|
|   1|0x0000000700100000, 0x00000007001fdae8, 0x0000000700200000| 99%| O|  |TS  0|AC  0|TAMS 0x0000000700100000, 0x0000000700100000|
|   2|0x0000000700200000, 0x00000007002dbb98, 0x0000000700300000| 85%| O|  |TS  0|AC  0|TAMS 0x0000000700200000, 0x0000000700200000|
|   3|0x0000000700300000, 0x00000007003c2008, 0x0000000700400000| 75%| O|  |TS  0|AC  0|TAMS 0x0000000700300000, 0x0000000700300000|
|   4|0x0000000700400000, 0x0000000700500000, 0x0000000700500000|100%|HS|  |TS  0|AC  0|TAMS 0x0000000700400000, 0x0000000700400000|
|   5|0x0000000700500000, 0x0000000700600000, 0x0000000700600000|100%|HC|  |TS  0|AC  0|TAMS 0x0000000700500000, 0x0000000700500000|
|   6|0x0000000700600000, 0x0000000700700000, 0x0000000700700000|100%|HS|  |TS  0|AC  0|TAMS 0x0000000700600000, 0x0000000700600000|
|   7|0x0000000700700000, 0x00000007007e3198, 0x0000000700800000| 88%| O|  |TS  0|AC  0|TAMS 0x0000000700700000, 0x0000000700700000|
|   8|0x0000000700800000, 0x00000007008febe8, 0x0000000700900000| 99%| O|  |TS  0|AC  0|TAMS 0x0000000700800000, 0x0000000700800000|
|   9|0x0000000700900000, 0x00000007009ffff0, 0x0000000700a00000| 99%| O|  |TS  0|AC  0|TAMS 0x0000000700900000, 0x0000000700900000|
|  10|0x0000000700a00000, 0x0000000700affff0, 0x0000000700b00000| 99%| O|  |TS  0|AC  0|TAMS 0x0000000700a00000, 0x0000000700a00000|
|  11|0x0000000700b00000, 0x0000000700bffff8, 0x0000000700c00000| 99%| O|  |TS  0|AC  0|TAMS 0x0000000700b00000, 0x0000000700b00000|
|  12|0x0000000700c00000, 0x0000000700cffff8, 0x0000000700d00000| 99%| O|  |TS  0|AC  0|TAMS 0x0000000700c00000, 0x0000000700c00000|
|  13|0x0000000700d00000, 0x0000000700dfffe8, 0x0000000700e00000| 99%| O|  |TS  0|AC  0|TAMS 0x0000000700d00000, 0x0000000700d00000|
|  14|0x0000000700e00000, 0x0000000700edb610, 0x0000000700f00000| 85%| O|  |TS  0|AC  0|TAMS 0x0000000700e00000, 0x0000000700e00000|
|  15|0x0000000700f00000, 0x0000000700fff360, 0x0000000701000000| 99%| O|  |TS  0|AC  0|TAMS 0x0000000700f00000, 0x0000000700f00000|
|  16|0x0000000701000000, 0x00000007010ffff0, 0x0000000701100000| 99%| O|  |TS  0|AC  0|TAMS 0x0000000701000000, 0x0000000701000000|
|  17|0x0000000701100000, 0x00000007011fff98, 0x0000000701200000| 99%| O|  |TS  0|AC  0|TAMS 0x0000000701100000, 0x0000000701100000|
|  18|0x0000000701200000, 0x00000007012ff520, 0x0000000701300000| 99%| O|  |TS  0|AC  0|TAMS 0x0000000701200000, 0x0000000701200000|
|  19|0x0000000701300000, 0x00000007013ffff0, 0x0000000701400000| 99%| O|  |TS  0|AC  0|TAMS 0x0000000701300000, 0x0000000701300000|
|  20|0x0000000701400000, 0x0000000701500000, 0x0000000701500000|100%| O|  |TS  0|AC  0|TAMS 0x0000000701400000, 0x0000000701400000|
|  21|0x0000000701500000, 0x0000000701600000, 0x0000000701600000|100%|HS|  |TS  0|AC  0|TAMS 0x0000000701500000, 0x0000000701500000|
|  22|0x0000000701600000, 0x00000007016fffd0, 0x0000000701700000| 99%| O|  |TS  0|AC  0|TAMS 0x0000000701600000, 0x0000000701600000|
|  23|0x0000000701700000, 0x00000007017fffd8, 0x0000000701800000| 99%| O|  |TS  0|AC  0|TAMS 0x0000000701700000, 0x0000000701700000|
|  24|0x0000000701800000, 0x00000007018fffe8, 0x0000000701900000| 99%| O|  |TS  0|AC  0|TAMS 0x0000000701800000, 0x0000000701800000|
|  25|0x0000000701900000, 0x00000007019fffd8, 0x0000000701a00000| 99%| O|  |TS  0|AC  0|TAMS 0x0000000701900000, 0x0000000701900000|
|  26|0x0000000701a00000, 0x0000000701affff8, 0x0000000701b00000| 99%| O|  |TS  0|AC  0|TAMS 0x0000000701a00000, 0x0000000701a00000|
|  27|0x0000000701b00000, 0x0000000701bfff18, 0x0000000701c00000| 99%| O|  |TS  0|AC  0|TAMS 0x0000000701b00000, 0x0000000701b00000|
|  28|0x0000000701c00000, 0x0000000701d00000, 0x0000000701d00000|100%| O|  |TS  0|AC  0|TAMS 0x0000000701c00000, 0x0000000701c00000|
|  29|0x0000000701d00000, 0x0000000701dffff8, 0x0000000701e00000| 99%| O|  |TS  0|AC  0|TAMS 0x0000000701d00000, 0x0000000701d00000|
|  30|0x0000000701e00000, 0x0000000701effff8, 0x0000000701f00000| 99%| O|  |TS  0|AC  0|TAMS 0x0000000701e00000, 0x0000000701e00000|
|  31|0x0000000701f00000, 0x0000000701ffff90, 0x0000000702000000| 99%| O|  |TS  0|AC  0|TAMS 0x0000000701f00000, 0x0000000701f00000|
|  32|0x0000000702000000, 0x00000007020ed2c8, 0x0000000702100000| 92%| O|  |TS  0|AC  0|TAMS 0x0000000702000000, 0x0000000702000000|
|  33|0x0000000702100000, 0x00000007021d0e50, 0x0000000702200000| 81%| O|  |TS  0|AC  0|TAMS 0x0000000702100000, 0x0000000702100000|
|  34|0x0000000702200000, 0x0000000702300000, 0x0000000702300000|100%| O|  |TS  0|AC  0|TAMS 0x0000000702200000, 0x0000000702200000|
|  35|0x0000000702300000, 0x00000007023fffd0, 0x0000000702400000| 99%| O|  |TS  0|AC  0|TAMS 0x0000000702300000, 0x0000000702300000|
|  36|0x0000000702400000, 0x0000000702500000, 0x0000000702500000|100%| O|  |TS  0|AC  0|TAMS 0x0000000702400000, 0x0000000702400000|
|  37|0x0000000702500000, 0x0000000702600000, 0x0000000702600000|100%| O|  |TS  0|AC  0|TAMS 0x0000000702500000, 0x0000000702500000|
|  38|0x0000000702600000, 0x00000007026fffe0, 0x0000000702700000| 99%| O|  |TS  0|AC  0|TAMS 0x0000000702600000, 0x0000000702600000|
|  39|0x0000000702700000, 0x00000007027ffff0, 0x0000000702800000| 99%| O|  |TS  0|AC  0|TAMS 0x0000000702700000, 0x0000000702700000|
|  40|0x0000000702800000, 0x0000000702900000, 0x0000000702900000|100%| O|  |TS  0|AC  0|TAMS 0x0000000702800000, 0x0000000702800000|
|  41|0x0000000702900000, 0x00000007029fff80, 0x0000000702a00000| 99%| O|  |TS  0|AC  0|TAMS 0x0000000702900000, 0x0000000702900000|
|  42|0x0000000702a00000, 0x0000000702affee8, 0x0000000702b00000| 99%| O|  |TS  0|AC  0|TAMS 0x0000000702a00000, 0x0000000702a00000|
|  43|0x0000000702b00000, 0x0000000702bffff0, 0x0000000702c00000| 99%| O|  |TS  0|AC  0|TAMS 0x0000000702b00000, 0x0000000702b00000|
|  44|0x0000000702c00000, 0x0000000702d00000, 0x0000000702d00000|100%| O|  |TS  0|AC  0|TAMS 0x0000000702c00000, 0x0000000702c00000|
|  45|0x0000000702d00000, 0x0000000702e00000, 0x0000000702e00000|100%| O|  |TS  0|AC  0|TAMS 0x0000000702d00000, 0x0000000702d00000|
|  46|0x0000000702e00000, 0x0000000702efffe8, 0x0000000702f00000| 99%| O|  |TS  0|AC  0|TAMS 0x0000000702e00000, 0x0000000702e00000|
|  47|0x0000000702f00000, 0x0000000702ffffd8, 0x0000000703000000| 99%| O|  |TS  0|AC  0|TAMS 0x0000000702f00000, 0x0000000702f00000|
|  48|0x0000000703000000, 0x0000000703100000, 0x0000000703100000|100%| O|  |TS  0|AC  0|TAMS 0x0000000703000000, 0x0000000703000000|
|  49|0x0000000703100000, 0x00000007031ffff8, 0x0000000703200000| 99%| O|  |TS  0|AC  0|TAMS 0x0000000703100000, 0x0000000703100000|
|  50|0x0000000703200000, 0x00000007032fffe8, 0x0000000703300000| 99%| O|  |TS  0|AC  0|TAMS 0x0000000703200000, 0x0000000703200000|
|  51|0x0000000703300000, 0x00000007033fffd8, 0x0000000703400000| 99%| O|  |TS  0|AC  0|TAMS 0x0000000703300000, 0x0000000703300000|
|  52|0x0000000703400000, 0x00000007034fff68, 0x0000000703500000| 99%| O|  |TS  0|AC  0|TAMS 0x0000000703400000, 0x0000000703400000|
|  53|0x0000000703500000, 0x00000007035f7318, 0x0000000703600000| 96%| O|  |TS  0|AC  0|TAMS 0x0000000703500000, 0x0000000703500000|
|  54|0x0000000703600000, 0x0000000703700000, 0x0000000703700000|100%| O|  |TS  0|AC  0|TAMS 0x0000000703600000, 0x0000000703600000|
|  55|0x0000000703700000, 0x00000007037ffdb0, 0x0000000703800000| 99%| O|  |TS  0|AC  0|TAMS 0x0000000703700000, 0x0000000703700000|
|  56|0x0000000703800000, 0x00000007038ffe88, 0x0000000703900000| 99%| O|  |TS  0|AC  0|TAMS 0x0000000703800000, 0x0000000703800000|
|  57|0x0000000703900000, 0x00000007039ffff0, 0x0000000703a00000| 99%| O|  |TS  0|AC  0|TAMS 0x0000000703900000, 0x0000000703900000|
|  58|0x0000000703a00000, 0x0000000703affff8, 0x0000000703b00000| 99%| O|  |TS  0|AC  0|TAMS 0x0000000703a00000, 0x0000000703a00000|
|  59|0x0000000703b00000, 0x0000000703b37590, 0x0000000703c00000| 21%| O|  |TS  0|AC  0|TAMS 0x0000000703b00000, 0x0000000703b00000|
|  60|0x0000000703c00000, 0x0000000703d00000, 0x0000000703d00000|100%|HS|  |TS  0|AC  0|TAMS 0x0000000703c00000, 0x0000000703c00000|
|  61|0x0000000703d00000, 0x0000000703e00000, 0x0000000703e00000|100%|HC|  |TS  0|AC  0|TAMS 0x0000000703d00000, 0x0000000703d00000|
|  62|0x0000000703e00000, 0x0000000703e84a00, 0x0000000703f00000| 51%| O|  |TS 83|AC  0|TAMS 0x0000000703e00000, 0x0000000703e00000|
|  63|0x0000000703f00000, 0x0000000703f00000, 0x0000000704000000|  0%| F|  |TS  0|AC  0|TAMS 0x0000000703f00000, 0x0000000703f00000|
|  64|0x0000000704000000, 0x0000000704000000, 0x0000000704100000|  0%| F|  |TS  0|AC  0|TAMS 0x0000000704000000, 0x0000000704000000|
|  65|0x0000000704100000, 0x0000000704100000, 0x0000000704200000|  0%| F|  |TS  0|AC  0|TAMS 0x0000000704100000, 0x0000000704100000|
|  66|0x0000000704200000, 0x0000000704200000, 0x0000000704300000|  0%| F|  |TS  0|AC  0|TAMS 0x0000000704200000, 0x0000000704200000|
|  67|0x0000000704300000, 0x0000000704300000, 0x0000000704400000|  0%| F|  |TS  0|AC  0|TAMS 0x0000000704300000, 0x0000000704300000|
|  68|0x0000000704400000, 0x0000000704400000, 0x0000000704500000|  0%| F|  |TS  0|AC  0|TAMS 0x0000000704400000, 0x0000000704400000|
|  69|0x0000000704500000, 0x0000000704500000, 0x0000000704600000|  0%| F|  |TS  0|AC  0|TAMS 0x0000000704500000, 0x0000000704500000|
|  70|0x0000000704600000, 0x0000000704600000, 0x0000000704700000|  0%| F|  |TS  0|AC  0|TAMS 0x0000000704600000, 0x0000000704600000|
|  71|0x0000000704700000, 0x0000000704700000, 0x0000000704800000|  0%| F|  |TS  0|AC  0|TAMS 0x0000000704700000, 0x0000000704700000|
|  72|0x0000000704800000, 0x0000000704800000, 0x0000000704900000|  0%| F|  |TS  0|AC  0|TAMS 0x0000000704800000, 0x0000000704800000|
|  73|0x0000000704900000, 0x0000000704900000, 0x0000000704a00000|  0%| F|  |TS  0|AC  0|TAMS 0x0000000704900000, 0x0000000704900000|
|  74|0x0000000704a00000, 0x0000000704a00000, 0x0000000704b00000|  0%| F|  |TS  0|AC  0|TAMS 0x0000000704a00000, 0x0000000704a00000|
|  75|0x0000000704b00000, 0x0000000704b00000, 0x0000000704c00000|  0%| F|  |TS  0|AC  0|TAMS 0x0000000704b00000, 0x0000000704b00000|
|  76|0x0000000704c00000, 0x0000000704c00000, 0x0000000704d00000|  0%| F|  |TS  0|AC  0|TAMS 0x0000000704c00000, 0x0000000704c00000|
|  77|0x0000000704d00000, 0x0000000704d00000, 0x0000000704e00000|  0%| F|  |TS  0|AC  0|TAMS 0x0000000704d00000, 0x0000000704d00000|
|  78|0x0000000704e00000, 0x0000000704e00000, 0x0000000704f00000|  0%| F|  |TS  0|AC  0|TAMS 0x0000000704e00000, 0x0000000704e00000|
|  79|0x0000000704f00000, 0x0000000704f00000, 0x0000000705000000|  0%| F|  |TS  0|AC  0|TAMS 0x0000000704f00000, 0x0000000704f00000|
|  80|0x0000000705000000, 0x0000000705000000, 0x0000000705100000|  0%| F|  |TS  0|AC  0|TAMS 0x0000000705000000, 0x0000000705000000|
|  81|0x0000000705100000, 0x0000000705100000, 0x0000000705200000|  0%| F|  |TS  0|AC  0|TAMS 0x0000000705100000, 0x0000000705100000|
|  82|0x0000000705200000, 0x0000000705200000, 0x0000000705300000|  0%| F|  |TS  0|AC  0|TAMS 0x0000000705200000, 0x0000000705200000|
|  83|0x0000000705300000, 0x0000000705300000, 0x0000000705400000|  0%| F|  |TS  0|AC  0|TAMS 0x0000000705300000, 0x0000000705300000|
|  84|0x0000000705400000, 0x0000000705400000, 0x0000000705500000|  0%| F|  |TS  0|AC  0|TAMS 0x0000000705400000, 0x0000000705400000|
|  85|0x0000000705500000, 0x0000000705500000, 0x0000000705600000|  0%| F|  |TS  0|AC  0|TAMS 0x0000000705500000, 0x0000000705500000|
|  86|0x0000000705600000, 0x0000000705600000, 0x0000000705700000|  0%| F|  |TS  0|AC  0|TAMS 0x0000000705600000, 0x0000000705600000|
|  87|0x0000000705700000, 0x0000000705700000, 0x0000000705800000|  0%| F|  |TS  0|AC  0|TAMS 0x0000000705700000, 0x0000000705700000|
|  88|0x0000000705800000, 0x0000000705900000, 0x0000000705900000|100%|HS|  |TS  0|AC  0|TAMS 0x0000000705800000, 0x0000000705800000|
|  89|0x0000000705900000, 0x0000000705a00000, 0x0000000705a00000|100%|HC|  |TS  0|AC  0|TAMS 0x0000000705900000, 0x0000000705900000|
|  90|0x0000000705a00000, 0x0000000705b00000, 0x0000000705b00000|100%|HC|  |TS  0|AC  0|TAMS 0x0000000705a00000, 0x0000000705a00000|
|  91|0x0000000705b00000, 0x0000000705c00000, 0x0000000705c00000|100%|HC|  |TS  0|AC  0|TAMS 0x0000000705b00000, 0x0000000705b00000|
|  92|0x0000000705c00000, 0x0000000705d00000, 0x0000000705d00000|100%|HC|  |TS  0|AC  0|TAMS 0x0000000705c00000, 0x0000000705c00000|
|  93|0x0000000705d00000, 0x0000000705e00000, 0x0000000705e00000|100%|HC|  |TS  0|AC  0|TAMS 0x0000000705d00000, 0x0000000705d00000|
|  94|0x0000000705e00000, 0x0000000705f00000, 0x0000000705f00000|100%|HC|  |TS  0|AC  0|TAMS 0x0000000705e00000, 0x0000000705e00000|
|  95|0x0000000705f00000, 0x0000000706000000, 0x0000000706000000|100%|HC|  |TS  0|AC  0|TAMS 0x0000000705f00000, 0x0000000705f00000|
|  96|0x0000000706000000, 0x0000000706000000, 0x0000000706100000|  0%| F|  |TS  0|AC  0|TAMS 0x0000000706000000, 0x0000000706000000|
|  97|0x0000000706100000, 0x0000000706100000, 0x0000000706200000|  0%| F|  |TS  0|AC  0|TAMS 0x0000000706100000, 0x0000000706100000|
|  98|0x0000000706200000, 0x0000000706200000, 0x0000000706300000|  0%| F|  |TS  0|AC  0|TAMS 0x0000000706200000, 0x0000000706200000|
|  99|0x0000000706300000, 0x0000000706300000, 0x0000000706400000|  0%| F|  |TS  0|AC  0|TAMS 0x0000000706300000, 0x0000000706300000|
| 100|0x0000000706400000, 0x0000000706400000, 0x0000000706500000|  0%| F|  |TS  0|AC  0|TAMS 0x0000000706400000, 0x0000000706400000|
| 101|0x0000000706500000, 0x0000000706500000, 0x0000000706600000|  0%| F|  |TS  0|AC  0|TAMS 0x0000000706500000, 0x0000000706500000|
| 102|0x0000000706600000, 0x0000000706600000, 0x0000000706700000|  0%| F|  |TS  0|AC  0|TAMS 0x0000000706600000, 0x0000000706600000|
| 103|0x0000000706700000, 0x0000000706700000, 0x0000000706800000|  0%| F|  |TS  0|AC  0|TAMS 0x0000000706700000, 0x0000000706700000|
| 104|0x0000000706800000, 0x0000000706800000, 0x0000000706900000|  0%| F|  |TS  0|AC  0|TAMS 0x0000000706800000, 0x0000000706800000|
| 105|0x0000000706900000, 0x0000000706900000, 0x0000000706a00000|  0%| F|  |TS  0|AC  0|TAMS 0x0000000706900000, 0x0000000706900000|
| 106|0x0000000706a00000, 0x0000000706a00000, 0x0000000706b00000|  0%| F|  |TS  0|AC  0|TAMS 0x0000000706a00000, 0x0000000706a00000|
| 107|0x0000000706b00000, 0x0000000706b00000, 0x0000000706c00000|  0%| F|  |TS  0|AC  0|TAMS 0x0000000706b00000, 0x0000000706b00000|
| 108|0x0000000706c00000, 0x0000000706c00000, 0x0000000706d00000|  0%| F|  |TS  0|AC  0|TAMS 0x0000000706c00000, 0x0000000706c00000|
| 109|0x0000000706d00000, 0x0000000706d00000, 0x0000000706e00000|  0%| F|  |TS  0|AC  0|TAMS 0x0000000706d00000, 0x0000000706d00000|
| 110|0x0000000706e00000, 0x0000000706e00000, 0x0000000706f00000|  0%| F|  |TS  0|AC  0|TAMS 0x0000000706e00000, 0x0000000706e00000|
| 111|0x0000000706f00000, 0x0000000706f00000, 0x0000000707000000|  0%| F|  |TS  0|AC  0|TAMS 0x0000000706f00000, 0x0000000706f00000|
| 112|0x0000000707000000, 0x0000000707000000, 0x0000000707100000|  0%| F|  |TS  0|AC  0|TAMS 0x0000000707000000, 0x0000000707000000|
| 113|0x0000000707100000, 0x0000000707100000, 0x0000000707200000|  0%| F|  |TS  0|AC  0|TAMS 0x0000000707100000, 0x0000000707100000|
| 114|0x0000000707200000, 0x0000000707200000, 0x0000000707300000|  0%| F|  |TS  0|AC  0|TAMS 0x0000000707200000, 0x0000000707200000|
| 115|0x0000000707300000, 0x0000000707300000, 0x0000000707400000|  0%| F|  |TS  0|AC  0|TAMS 0x0000000707300000, 0x0000000707300000|
| 116|0x0000000707400000, 0x0000000707400000, 0x0000000707500000|  0%| F|  |TS  0|AC  0|TAMS 0x0000000707400000, 0x0000000707400000|
| 117|0x0000000707500000, 0x0000000707500000, 0x0000000707600000|  0%| F|  |TS  0|AC  0|TAMS 0x0000000707500000, 0x0000000707500000|
| 118|0x0000000707600000, 0x0000000707600000, 0x0000000707700000|  0%| F|  |TS  0|AC  0|TAMS 0x0000000707600000, 0x0000000707600000|
| 119|0x0000000707700000, 0x0000000707700000, 0x0000000707800000|  0%| F|  |TS  0|AC  0|TAMS 0x0000000707700000, 0x0000000707700000|
| 120|0x0000000707800000, 0x0000000707800000, 0x0000000707900000|  0%| F|  |TS  0|AC  0|TAMS 0x0000000707800000, 0x0000000707800000|
| 121|0x0000000707900000, 0x0000000707900000, 0x0000000707a00000|  0%| F|  |TS  0|AC  0|TAMS 0x0000000707900000, 0x0000000707900000|
| 122|0x0000000707a00000, 0x0000000707a00000, 0x0000000707b00000|  0%| F|  |TS  0|AC  0|TAMS 0x0000000707a00000, 0x0000000707a00000|
| 123|0x0000000707b00000, 0x0000000707b00000, 0x0000000707c00000|  0%| F|  |TS  0|AC  0|TAMS 0x0000000707b00000, 0x0000000707b00000|
| 124|0x0000000707c00000, 0x0000000707c00000, 0x0000000707d00000|  0%| F|  |TS  0|AC  0|TAMS 0x0000000707c00000, 0x0000000707c00000|
| 125|0x0000000707d00000, 0x0000000707d00000, 0x0000000707e00000|  0%| F|  |TS  0|AC  0|TAMS 0x0000000707d00000, 0x0000000707d00000|
| 126|0x0000000707e00000, 0x0000000707e00000, 0x0000000707f00000|  0%| F|  |TS  0|AC  0|TAMS 0x0000000707e00000, 0x0000000707e00000|
| 127|0x0000000707f00000, 0x0000000707f00000, 0x0000000708000000|  0%| F|  |TS  0|AC  0|TAMS 0x0000000707f00000, 0x0000000707f00000|
| 128|0x0000000708000000, 0x0000000708000000, 0x0000000708100000|  0%| F|  |TS  0|AC  0|TAMS 0x0000000708000000, 0x0000000708000000|
| 129|0x0000000708100000, 0x0000000708100000, 0x0000000708200000|  0%| F|  |TS  0|AC  0|TAMS 0x0000000708100000, 0x0000000708100000|
| 130|0x0000000708200000, 0x0000000708200000, 0x0000000708300000|  0%| F|  |TS  0|AC  0|TAMS 0x0000000708200000, 0x0000000708200000|
| 131|0x0000000708300000, 0x0000000708300000, 0x0000000708400000|  0%| F|  |TS  0|AC  0|TAMS 0x0000000708300000, 0x0000000708300000|
| 132|0x0000000708400000, 0x0000000708400000, 0x0000000708500000|  0%| F|  |TS  0|AC  0|TAMS 0x0000000708400000, 0x0000000708400000|
| 133|0x0000000708500000, 0x0000000708500000, 0x0000000708600000|  0%| F|  |TS  0|AC  0|TAMS 0x0000000708500000, 0x0000000708500000|
| 134|0x0000000708600000, 0x0000000708600000, 0x0000000708700000|  0%| F|  |TS  0|AC  0|TAMS 0x0000000708600000, 0x0000000708600000|
| 135|0x0000000708700000, 0x0000000708700000, 0x0000000708800000|  0%| F|  |TS  0|AC  0|TAMS 0x0000000708700000, 0x0000000708700000|
| 136|0x0000000708800000, 0x0000000708800000, 0x0000000708900000|  0%| F|  |TS  0|AC  0|TAMS 0x0000000708800000, 0x0000000708800000|
| 137|0x0000000708900000, 0x0000000708900000, 0x0000000708a00000|  0%| F|  |TS  0|AC  0|TAMS 0x0000000708900000, 0x0000000708900000|
| 138|0x0000000708a00000, 0x0000000708a00000, 0x0000000708b00000|  0%| F|  |TS  0|AC  0|TAMS 0x0000000708a00000, 0x0000000708a00000|
| 139|0x0000000708b00000, 0x0000000708b00000, 0x0000000708c00000|  0%| F|  |TS  0|AC  0|TAMS 0x0000000708b00000, 0x0000000708b00000|
| 140|0x0000000708c00000, 0x0000000708c00000, 0x0000000708d00000|  0%| F|  |TS  0|AC  0|TAMS 0x0000000708c00000, 0x0000000708c00000|
| 141|0x0000000708d00000, 0x0000000708d00000, 0x0000000708e00000|  0%| F|  |TS  0|AC  0|TAMS 0x0000000708d00000, 0x0000000708d00000|
| 142|0x0000000708e00000, 0x0000000708e00000, 0x0000000708f00000|  0%| F|  |TS  0|AC  0|TAMS 0x0000000708e00000, 0x0000000708e00000|
| 143|0x0000000708f00000, 0x0000000708f00000, 0x0000000709000000|  0%| F|  |TS  0|AC  0|TAMS 0x0000000708f00000, 0x0000000708f00000|
| 144|0x0000000709000000, 0x0000000709000000, 0x0000000709100000|  0%| F|  |TS  0|AC  0|TAMS 0x0000000709000000, 0x0000000709000000|
| 145|0x0000000709100000, 0x0000000709100000, 0x0000000709200000|  0%| F|  |TS  0|AC  0|TAMS 0x0000000709100000, 0x0000000709100000|
| 146|0x0000000709200000, 0x0000000709200000, 0x0000000709300000|  0%| F|  |TS  0|AC  0|TAMS 0x0000000709200000, 0x0000000709200000|
| 147|0x0000000709300000, 0x0000000709300000, 0x0000000709400000|  0%| F|  |TS  0|AC  0|TAMS 0x0000000709300000, 0x0000000709300000|
| 148|0x0000000709400000, 0x0000000709400000, 0x0000000709500000|  0%| F|  |TS  0|AC  0|TAMS 0x0000000709400000, 0x0000000709400000|
| 149|0x0000000709500000, 0x0000000709500000, 0x0000000709600000|  0%| F|  |TS  0|AC  0|TAMS 0x0000000709500000, 0x0000000709500000|
| 150|0x0000000709600000, 0x0000000709600000, 0x0000000709700000|  0%| F|  |TS  0|AC  0|TAMS 0x0000000709600000, 0x0000000709600000|
| 151|0x0000000709700000, 0x0000000709700000, 0x0000000709800000|  0%| F|  |TS  0|AC  0|TAMS 0x0000000709700000, 0x0000000709700000|
| 152|0x0000000709800000, 0x0000000709800000, 0x0000000709900000|  0%| F|  |TS  0|AC  0|TAMS 0x0000000709800000, 0x0000000709800000|
| 153|0x0000000709900000, 0x0000000709900000, 0x0000000709a00000|  0%| F|  |TS  0|AC  0|TAMS 0x0000000709900000, 0x0000000709900000|
| 154|0x0000000709a00000, 0x0000000709a00000, 0x0000000709b00000|  0%| F|  |TS  0|AC  0|TAMS 0x0000000709a00000, 0x0000000709a00000|
| 155|0x0000000709b00000, 0x0000000709b00000, 0x0000000709c00000|  0%| F|  |TS  0|AC  0|TAMS 0x0000000709b00000, 0x0000000709b00000|
| 156|0x0000000709c00000, 0x0000000709c00000, 0x0000000709d00000|  0%| F|  |TS  0|AC  0|TAMS 0x0000000709c00000, 0x0000000709c00000|
| 157|0x0000000709d00000, 0x0000000709d00000, 0x0000000709e00000|  0%| F|  |TS  0|AC  0|TAMS 0x0000000709d00000, 0x0000000709d00000|
| 158|0x0000000709e00000, 0x0000000709e00000, 0x0000000709f00000|  0%| F|  |TS  0|AC  0|TAMS 0x0000000709e00000, 0x0000000709e00000|
| 159|0x0000000709f00000, 0x0000000709f00000, 0x000000070a000000|  0%| F|  |TS  0|AC  0|TAMS 0x0000000709f00000, 0x0000000709f00000|
| 160|0x000000070a000000, 0x000000070a000000, 0x000000070a100000|  0%| F|  |TS  0|AC  0|TAMS 0x000000070a000000, 0x000000070a000000|
| 161|0x000000070a100000, 0x000000070a100000, 0x000000070a200000|  0%| F|  |TS  0|AC  0|TAMS 0x000000070a100000, 0x000000070a100000|
| 162|0x000000070a200000, 0x000000070a200000, 0x000000070a300000|  0%| F|  |TS  0|AC  0|TAMS 0x000000070a200000, 0x000000070a200000|
| 163|0x000000070a300000, 0x000000070a300000, 0x000000070a400000|  0%| F|  |TS  0|AC  0|TAMS 0x000000070a300000, 0x000000070a300000|
| 164|0x000000070a400000, 0x000000070a400000, 0x000000070a500000|  0%| F|  |TS  0|AC  0|TAMS 0x000000070a400000, 0x000000070a400000|
| 165|0x000000070a500000, 0x000000070a500000, 0x000000070a600000|  0%| F|  |TS 81|AC  0|TAMS 0x000000070a500000, 0x000000070a500000|
| 166|0x000000070a600000, 0x000000070a6f0730, 0x000000070a700000| 93%| S|CS|TS 83|AC  0|TAMS 0x000000070a600000, 0x000000070a600000|
| 167|0x000000070a700000, 0x000000070a700000, 0x000000070a800000|  0%| F|  |TS 83|AC  0|TAMS 0x000000070a700000, 0x000000070a700000|
| 168|0x000000070a800000, 0x000000070a800000, 0x000000070a900000|  0%| F|  |TS 83|AC  0|TAMS 0x000000070a800000, 0x000000070a800000|
| 169|0x000000070a900000, 0x000000070a900000, 0x000000070aa00000|  0%| F|  |TS 83|AC  0|TAMS 0x000000070a900000, 0x000000070a900000|
| 170|0x000000070aa00000, 0x000000070aa00000, 0x000000070ab00000|  0%| F|  |TS 83|AC  0|TAMS 0x000000070aa00000, 0x000000070aa00000|
| 171|0x000000070ab00000, 0x000000070ab00000, 0x000000070ac00000|  0%| F|  |TS 83|AC  0|TAMS 0x000000070ab00000, 0x000000070ab00000|
| 172|0x000000070ac00000, 0x000000070ac00000, 0x000000070ad00000|  0%| F|  |TS 83|AC  0|TAMS 0x000000070ac00000, 0x000000070ac00000|
| 173|0x000000070ad00000, 0x000000070ad00000, 0x000000070ae00000|  0%| F|  |TS 83|AC  0|TAMS 0x000000070ad00000, 0x000000070ad00000|
| 174|0x000000070ae00000, 0x000000070ae05410, 0x000000070af00000|  2%| E|  |TS 83|AC  0|TAMS 0x000000070ae00000, 0x000000070ae00000|
| 175|0x000000070af00000, 0x000000070b000000, 0x000000070b000000|100%| E|CS|TS 83|AC  0|TAMS 0x000000070af00000, 0x000000070af00000|
| 176|0x000000070b000000, 0x000000070b100000, 0x000000070b100000|100%| E|CS|TS 83|AC  0|TAMS 0x000000070b000000, 0x000000070b000000|
| 177|0x000000070b100000, 0x000000070b200000, 0x000000070b200000|100%| E|CS|TS 83|AC  0|TAMS 0x000000070b100000, 0x000000070b100000|
| 178|0x000000070b200000, 0x000000070b300000, 0x000000070b300000|100%| E|CS|TS 83|AC  0|TAMS 0x000000070b200000, 0x000000070b200000|
| 179|0x000000070b300000, 0x000000070b400000, 0x000000070b400000|100%| E|CS|TS 83|AC  0|TAMS 0x000000070b300000, 0x000000070b300000|
| 180|0x000000070b400000, 0x000000070b500000, 0x000000070b500000|100%| E|CS|TS 83|AC  0|TAMS 0x000000070b400000, 0x000000070b400000|
| 181|0x000000070b500000, 0x000000070b600000, 0x000000070b600000|100%| E|CS|TS 83|AC  0|TAMS 0x000000070b500000, 0x000000070b500000|
| 182|0x000000070b600000, 0x000000070b700000, 0x000000070b700000|100%| E|CS|TS 83|AC  0|TAMS 0x000000070b600000, 0x000000070b600000|
| 183|0x000000070b700000, 0x000000070b800000, 0x000000070b800000|100%| E|CS|TS 83|AC  0|TAMS 0x000000070b700000, 0x000000070b700000|
| 184|0x000000070b800000, 0x000000070b900000, 0x000000070b900000|100%| E|CS|TS 83|AC  0|TAMS 0x000000070b800000, 0x000000070b800000|
| 185|0x000000070b900000, 0x000000070ba00000, 0x000000070ba00000|100%| E|CS|TS 83|AC  0|TAMS 0x000000070b900000, 0x000000070b900000|
| 186|0x000000070ba00000, 0x000000070bb00000, 0x000000070bb00000|100%| E|CS|TS 83|AC  0|TAMS 0x000000070ba00000, 0x000000070ba00000|
| 187|0x000000070bb00000, 0x000000070bc00000, 0x000000070bc00000|100%| E|CS|TS 83|AC  0|TAMS 0x000000070bb00000, 0x000000070bb00000|
| 188|0x000000070bc00000, 0x000000070bd00000, 0x000000070bd00000|100%| E|CS|TS 83|AC  0|TAMS 0x000000070bc00000, 0x000000070bc00000|
| 189|0x000000070bd00000, 0x000000070be00000, 0x000000070be00000|100%| E|CS|TS 83|AC  0|TAMS 0x000000070bd00000, 0x000000070bd00000|
| 190|0x000000070be00000, 0x000000070bf00000, 0x000000070bf00000|100%| E|CS|TS 83|AC  0|TAMS 0x000000070be00000, 0x000000070be00000|
| 191|0x000000070bf00000, 0x000000070c000000, 0x000000070c000000|100%| E|CS|TS 83|AC  0|TAMS 0x000000070bf00000, 0x000000070bf00000|
| 192|0x000000070c000000, 0x000000070c100000, 0x000000070c100000|100%| E|CS|TS 83|AC  0|TAMS 0x000000070c000000, 0x000000070c000000|
| 193|0x000000070c100000, 0x000000070c200000, 0x000000070c200000|100%| E|CS|TS 83|AC  0|TAMS 0x000000070c100000, 0x000000070c100000|
| 194|0x000000070c200000, 0x000000070c300000, 0x000000070c300000|100%| E|CS|TS 83|AC  0|TAMS 0x000000070c200000, 0x000000070c200000|
| 195|0x000000070c300000, 0x000000070c400000, 0x000000070c400000|100%| E|CS|TS 83|AC  0|TAMS 0x000000070c300000, 0x000000070c300000|
| 196|0x000000070c400000, 0x000000070c500000, 0x000000070c500000|100%| E|CS|TS 83|AC  0|TAMS 0x000000070c400000, 0x000000070c400000|
| 197|0x000000070c500000, 0x000000070c600000, 0x000000070c600000|100%| E|CS|TS 83|AC  0|TAMS 0x000000070c500000, 0x000000070c500000|
| 198|0x000000070c600000, 0x000000070c700000, 0x000000070c700000|100%| E|CS|TS 83|AC  0|TAMS 0x000000070c600000, 0x000000070c600000|
| 199|0x000000070c700000, 0x000000070c800000, 0x000000070c800000|100%| E|CS|TS 83|AC  0|TAMS 0x000000070c700000, 0x000000070c700000|
| 200|0x000000070c800000, 0x000000070c900000, 0x000000070c900000|100%| E|CS|TS 83|AC  0|TAMS 0x000000070c800000, 0x000000070c800000|
| 201|0x000000070c900000, 0x000000070ca00000, 0x000000070ca00000|100%| E|CS|TS 83|AC  0|TAMS 0x000000070c900000, 0x000000070c900000|
| 202|0x000000070ca00000, 0x000000070cb00000, 0x000000070cb00000|100%| E|CS|TS 83|AC  0|TAMS 0x000000070ca00000, 0x000000070ca00000|
| 203|0x000000070cb00000, 0x000000070cc00000, 0x000000070cc00000|100%| E|CS|TS 83|AC  0|TAMS 0x000000070cb00000, 0x000000070cb00000|
| 204|0x000000070cc00000, 0x000000070cd00000, 0x000000070cd00000|100%| E|CS|TS 83|AC  0|TAMS 0x000000070cc00000, 0x000000070cc00000|
| 205|0x000000070cd00000, 0x000000070ce00000, 0x000000070ce00000|100%| E|CS|TS 83|AC  0|TAMS 0x000000070cd00000, 0x000000070cd00000|
| 206|0x000000070ce00000, 0x000000070cf00000, 0x000000070cf00000|100%| E|CS|TS 83|AC  0|TAMS 0x000000070ce00000, 0x000000070ce00000|
| 207|0x000000070cf00000, 0x000000070d000000, 0x000000070d000000|100%| E|CS|TS 83|AC  0|TAMS 0x000000070cf00000, 0x000000070cf00000|
| 208|0x000000070d000000, 0x000000070d100000, 0x000000070d100000|100%| E|CS|TS 83|AC  0|TAMS 0x000000070d000000, 0x000000070d000000|
| 209|0x000000070d100000, 0x000000070d200000, 0x000000070d200000|100%| E|CS|TS 83|AC  0|TAMS 0x000000070d100000, 0x000000070d100000|
| 210|0x000000070d200000, 0x000000070d300000, 0x000000070d300000|100%| E|CS|TS 83|AC  0|TAMS 0x000000070d200000, 0x000000070d200000|
| 211|0x000000070d300000, 0x000000070d400000, 0x000000070d400000|100%| E|CS|TS 83|AC  0|TAMS 0x000000070d300000, 0x000000070d300000|
| 212|0x000000070d400000, 0x000000070d500000, 0x000000070d500000|100%| E|CS|TS 83|AC  0|TAMS 0x000000070d400000, 0x000000070d400000|
| 213|0x000000070d500000, 0x000000070d600000, 0x000000070d600000|100%| E|CS|TS 83|AC  0|TAMS 0x000000070d500000, 0x000000070d500000|
| 214|0x000000070d600000, 0x000000070d700000, 0x000000070d700000|100%| E|CS|TS 83|AC  0|TAMS 0x000000070d600000, 0x000000070d600000|
| 215|0x000000070d700000, 0x000000070d800000, 0x000000070d800000|100%| E|CS|TS 83|AC  0|TAMS 0x000000070d700000, 0x000000070d700000|
| 216|0x000000070d800000, 0x000000070d900000, 0x000000070d900000|100%| E|CS|TS 83|AC  0|TAMS 0x000000070d800000, 0x000000070d800000|
| 217|0x000000070d900000, 0x000000070da00000, 0x000000070da00000|100%| E|CS|TS 83|AC  0|TAMS 0x000000070d900000, 0x000000070d900000|
| 218|0x000000070da00000, 0x000000070db00000, 0x000000070db00000|100%| E|CS|TS 83|AC  0|TAMS 0x000000070da00000, 0x000000070da00000|
| 219|0x000000070db00000, 0x000000070dc00000, 0x000000070dc00000|100%| E|CS|TS 83|AC  0|TAMS 0x000000070db00000, 0x000000070db00000|
| 220|0x000000070dc00000, 0x000000070dd00000, 0x000000070dd00000|100%| E|CS|TS 83|AC  0|TAMS 0x000000070dc00000, 0x000000070dc00000|
| 221|0x000000070dd00000, 0x000000070de00000, 0x000000070de00000|100%| E|CS|TS 83|AC  0|TAMS 0x000000070dd00000, 0x000000070dd00000|
| 222|0x000000070de00000, 0x000000070df00000, 0x000000070df00000|100%| E|CS|TS 83|AC  0|TAMS 0x000000070de00000, 0x000000070de00000|
| 223|0x000000070df00000, 0x000000070e000000, 0x000000070e000000|100%| E|CS|TS 83|AC  0|TAMS 0x000000070df00000, 0x000000070df00000|
| 224|0x000000070e000000, 0x000000070e100000, 0x000000070e100000|100%| E|CS|TS 83|AC  0|TAMS 0x000000070e000000, 0x000000070e000000|
| 225|0x000000070e100000, 0x000000070e200000, 0x000000070e200000|100%| E|CS|TS 83|AC  0|TAMS 0x000000070e100000, 0x000000070e100000|
| 226|0x000000070e200000, 0x000000070e300000, 0x000000070e300000|100%| E|CS|TS 83|AC  0|TAMS 0x000000070e200000, 0x000000070e200000|

Card table byte_map: [0x00000224f8ec0000,0x00000224f94c0000] byte_map_base: 0x00000224f56c0000

Marking Bits (Prev, Next): (CMBitMap*) 0x00000224ebb4a570, (CMBitMap*) 0x00000224ebb4a5a8
 Prev Bits: [0x00000224f9ac0000, 0x00000224fcac0000)
 Next Bits: [0x00000224fcac0000, 0x00000224ffac0000)

Polling page: 0x00000224e3b20000

CodeHeap 'non-profiled nmethods': size=120000Kb used=28708Kb max_used=28708Kb free=91291Kb
 bounds [0x0000022487ad0000, 0x00000224896f0000, 0x000002248f000000]
CodeHeap 'profiled nmethods': size=120000Kb used=40185Kb max_used=49168Kb free=79814Kb
 bounds [0x00000224805a0000, 0x00000224835f0000, 0x0000022487ad0000]
CodeHeap 'non-nmethods': size=5760Kb used=1795Kb max_used=1847Kb free=3964Kb
 bounds [0x0000022480000000, 0x0000022480270000, 0x00000224805a0000]
 total_blobs=41333 nmethods=19512 adapters=1127
 compilation: enabled

Compilation events (10 events):
Event: 7484.736 Thread 0x00000224ef460000 27196       4       com.jidesoft.editor.highlight.DefaultHighlighter::paintLayeredHighlights (183 bytes)
Event: 7484.744 Thread 0x00000224ef460000 nmethod 27196 0x00000224896dee90 code [0x00000224896df060, 0x00000224896df868]
Event: 7502.173 Thread 0x00000224f0236000 27197   !   3       sun.awt.PaintEventDispatcher::getPaintEventDispatcher (32 bytes)
Event: 7502.173 Thread 0x00000224f0236000 nmethod 27197 0x00000224815c1490 code [0x00000224815c1660, 0x00000224815c1b18]
Event: 7502.177 Thread 0x00000224f0236000 27198       1       java.awt.SequencedEvent::access$000 (5 bytes)
Event: 7502.177 Thread 0x00000224f0236000 nmethod 27198 0x00000224896dfe90 code [0x00000224896e0040, 0x00000224896e0138]
Event: 7503.299 Thread 0x00000224f0236000 27199       3       java.awt.AWTEventMulticaster::windowDeactivated (27 bytes)
Event: 7503.300 Thread 0x00000224f0236000 nmethod 27199 0x0000022481618c10 code [0x0000022481618e00, 0x0000022481619320]
Event: 7503.300 Thread 0x00000224f0236000 27200       3       java.awt.AWTEventMulticaster::windowActivated (27 bytes)
Event: 7503.300 Thread 0x00000224f0236000 nmethod 27200 0x0000022481680890 code [0x0000022481680a80, 0x0000022481680fa0]

GC Heap History (10 events):
Event: 7478.196 GC heap before
{Heap before GC invocations=1359 (full 358):
 garbage-first heap   total 232448K, used 131472K [0x0000000700000000, 0x0000000700100718, 0x00000007c0000000)
  region size 1024K, 60 young (61440K), 1 survivors (1024K)
 Metaspace       used 86409K, capacity 88497K, committed 96588K, reserved 1132544K
  class space    used 11276K, capacity 11699K, committed 13388K, reserved 1048576K
}
Event: 7478.199 GC heap after
{Heap after GC invocations=1360 (full 358):
 garbage-first heap   total 232448K, used 70911K [0x0000000700000000, 0x0000000700100718, 0x00000007c0000000)
  region size 1024K, 1 young (1024K), 1 survivors (1024K)
 Metaspace       used 86409K, capacity 88497K, committed 96588K, reserved 1132544K
  class space    used 11276K, capacity 11699K, committed 13388K, reserved 1048576K
}
Event: 7482.617 GC heap before
{Heap before GC invocations=1360 (full 358):
 garbage-first heap   total 232448K, used 131327K [0x0000000700000000, 0x0000000700100718, 0x00000007c0000000)
  region size 1024K, 60 young (61440K), 1 survivors (1024K)
 Metaspace       used 86413K, capacity 88497K, committed 96588K, reserved 1132544K
  class space    used 11276K, capacity 11699K, committed 13388K, reserved 1048576K
}
Event: 7482.619 GC heap after
{Heap after GC invocations=1361 (full 358):
 garbage-first heap   total 232448K, used 71127K [0x0000000700000000, 0x0000000700100718, 0x00000007c0000000)
  region size 1024K, 1 young (1024K), 1 survivors (1024K)
 Metaspace       used 86413K, capacity 88497K, committed 96588K, reserved 1132544K
  class space    used 11276K, capacity 11699K, committed 13388K, reserved 1048576K
}
Event: 7484.580 GC heap before
{Heap before GC invocations=1361 (full 358):
 garbage-first heap   total 232448K, used 131543K [0x0000000700000000, 0x0000000700100718, 0x00000007c0000000)
  region size 1024K, 60 young (61440K), 1 survivors (1024K)
 Metaspace       used 86413K, capacity 88497K, committed 96588K, reserved 1132544K
  class space    used 11276K, capacity 11699K, committed 13388K, reserved 1048576K
}
Event: 7484.582 GC heap after
{Heap after GC invocations=1362 (full 358):
 garbage-first heap   total 232448K, used 71660K [0x0000000700000000, 0x0000000700100718, 0x00000007c0000000)
  region size 1024K, 2 young (2048K), 2 survivors (2048K)
 Metaspace       used 86413K, capacity 88497K, committed 96588K, reserved 1132544K
  class space    used 11276K, capacity 11699K, committed 13388K, reserved 1048576K
}
Event: 7484.747 GC heap before
{Heap before GC invocations=1362 (full 358):
 garbage-first heap   total 232448K, used 131052K [0x0000000700000000, 0x0000000700100718, 0x00000007c0000000)
  region size 1024K, 60 young (61440K), 2 survivors (2048K)
 Metaspace       used 86418K, capacity 88497K, committed 96588K, reserved 1132544K
  class space    used 11276K, capacity 11699K, committed 13388K, reserved 1048576K
}
Event: 7484.750 GC heap after
{Heap after GC invocations=1363 (full 358):
 garbage-first heap   total 232448K, used 71333K [0x0000000700000000, 0x0000000700100718, 0x00000007c0000000)
  region size 1024K, 1 young (1024K), 1 survivors (1024K)
 Metaspace       used 86418K, capacity 88497K, committed 96588K, reserved 1132544K
  class space    used 11276K, capacity 11699K, committed 13388K, reserved 1048576K
}
Event: 7500.553 GC heap before
{Heap before GC invocations=1363 (full 358):
 garbage-first heap   total 232448K, used 131749K [0x0000000700000000, 0x0000000700100718, 0x00000007c0000000)
  region size 1024K, 60 young (61440K), 1 survivors (1024K)
 Metaspace       used 86418K, capacity 88497K, committed 96588K, reserved 1132544K
  class space    used 11276K, capacity 11699K, committed 13388K, reserved 1048576K
}
Event: 7500.556 GC heap after
{Heap after GC invocations=1364 (full 358):
 garbage-first heap   total 232448K, used 71383K [0x0000000700000000, 0x0000000700100718, 0x00000007c0000000)
  region size 1024K, 1 young (1024K), 1 survivors (1024K)
 Metaspace       used 86418K, capacity 88497K, committed 96588K, reserved 1132544K
  class space    used 11276K, capacity 11699K, committed 13388K, reserved 1048576K
}

Deoptimization events (10 events):
Event: 7406.932 Thread 0x0000022492a82000 Uncommon trap: reason=unstable_if action=reinterpret pc=0x00000224890aba5c method=javax.swing.undo.CompoundEdit.isSignificant()Z @ 14 c2
Event: 7406.932 Thread 0x0000022492a82000 Uncommon trap: reason=unstable_if action=reinterpret pc=0x00000224885a5264 method=javax.swing.undo.UndoManager.editToBeUndone()Ljavax/swing/undo/UndoableEdit; @ 30 c2
Event: 7411.263 Thread 0x0000022492a82000 Uncommon trap: reason=unstable_if action=reinterpret pc=0x00000224890ecc20 method=java.util.concurrent.ConcurrentHashMap.replaceNode(Ljava/lang/Object;Ljava/lang/Object;Ljava/lang/Object;)Ljava/lang/Object; @ 136 c2
Event: 7414.589 Thread 0x0000022492a82000 Uncommon trap: reason=unstable_if action=reinterpret pc=0x0000022488f7e8d0 method=javax.swing.undo.CompoundEdit.isSignificant()Z @ 14 c2
Event: 7414.597 Thread 0x0000022492a82000 Uncommon trap: reason=unstable_if action=reinterpret pc=0x00000224882d6ab0 method=javax.swing.undo.CompoundEdit.isSignificant()Z @ 14 c2
Event: 7418.554 Thread 0x0000022492a82000 Uncommon trap: reason=unstable_if action=reinterpret pc=0x0000022487ea6e60 method=javax.swing.text.GapContent.findMarkAdjustIndex(I)I @ 51 c2
Event: 7448.639 Thread 0x0000022492a82000 Uncommon trap: reason=unstable_if action=reinterpret pc=0x00000224893dca24 method=javax.swing.text.GapContent.findMarkAdjustIndex(I)I @ 51 c2
Event: 7448.639 Thread 0x0000022492a82000 Uncommon trap: reason=unstable_if action=reinterpret pc=0x000002248890ca50 method=javax.swing.text.GapContent.findMarkAdjustIndex(I)I @ 51 c2
Event: 7455.005 Thread 0x0000022492a82000 Uncommon trap: reason=unstable_if action=reinterpret pc=0x00000224884faef8 method=com.jidesoft.editor.highlight.DefaultHighlighter.paintLayeredHighlights(Ljava/awt/Graphics;IILjava/awt/Shape;Lcom/jidesoft/editor/CodeEditor;)V @ 107 c2
Event: 7455.014 Thread 0x0000022492a82000 Uncommon trap: reason=unstable_if action=reinterpret pc=0x00000224887c49ac method=com.jidesoft.editor.highlight.DefaultHighlighter.paintLayeredHighlights(Ljava/awt/Graphics;IILjava/awt/Shape;Lcom/jidesoft/editor/CodeEditor;)V @ 107 c2

Classes redefined (0 events):
No events

Internal exceptions (10 events):
Event: 4130.560 Thread 0x0000022492a82000 Exception <a 'java/io/FileNotFoundException'{0x000000070d11fcc0}> (0x000000070d11fcc0) thrown at [t:/workspace/hotspot/src/share/vm/prims/jni.cpp, line 604]
Event: 4304.490 Thread 0x0000022492a82000 Implicit null exception at 0x0000022489405363 to 0x0000022489406719
Event: 4304.492 Thread 0x0000022492a82000 Implicit null exception at 0x0000022487cfaccc to 0x0000022487cfb5d5
Event: 4304.495 Thread 0x0000022492a82000 Implicit null exception at 0x00000224882cdb06 to 0x00000224882cdd07
Event: 4334.997 Thread 0x0000022492a82000 Implicit null exception at 0x0000022487fe80ef to 0x0000022487fe83c9
Event: 4334.999 Thread 0x0000022492a82000 Exception <a 'java/lang/NoSuchMethodError'{0x000000070a89a128}: java.lang.invoke.DelegatingMethodHandle$Holder.reinvoke_L(Ljava/lang/Object;IIILjava/lang/Object;Ljava/lang/Object;I)Ljava/lang/Object;> (0x000000070a89a128) thrown at [t:/workspace/hotspot/s
Event: 4477.892 Thread 0x0000022492a82000 Exception <a 'java/io/FileNotFoundException'{0x000000070d5e6620}> (0x000000070d5e6620) thrown at [t:/workspace/hotspot/src/share/vm/prims/jni.cpp, line 604]
Event: 4860.762 Thread 0x0000022492a82000 Implicit null exception at 0x0000022488ae2d4f to 0x0000022488ae9449
Event: 6257.544 Thread 0x000002249e624000 Exception <a 'java/lang/InterruptedException'{0x0000000714100b90}: sleep interrupted> (0x0000000714100b90) thrown at [t:/workspace/hotspot/src/share/vm/prims/jvm.cpp, line 3023]
Event: 6261.851 Thread 0x0000022492a82000 Exception <a 'java/lang/NoSuchMethodError'{0x00000007120f3878}: java.lang.invoke.DelegatingMethodHandle$Holder.reinvoke_L(Ljava/lang/Object;IIILjava/lang/Object;Ljava/lang/Object;ILjava/lang/Object;Ljava/lang/Object;)Ljava/lang/Object;> (0x00000007120f387

Events (10 events):
Event: 7503.587 Thread 0x000002249e62b000 Thread added: 0x000002249e62b000
Event: 7503.587 Thread 0x000002249e62c800 Thread added: 0x000002249e62c800
Event: 7503.587 Thread 0x000002249e625800 Thread added: 0x000002249e625800
Event: 7503.587 Thread 0x000002249e62f800 Thread added: 0x000002249e62f800
Event: 7503.587 Thread 0x000002249e630000 Thread added: 0x000002249e630000
Event: 7503.592 Thread 0x000002249e62b000 Thread exited: 0x000002249e62b000
Event: 7503.598 Thread 0x000002249e62c800 Thread exited: 0x000002249e62c800
Event: 7503.602 Thread 0x000002249e625800 Thread exited: 0x000002249e625800
Event: 7503.608 Thread 0x000002249e62f800 Thread exited: 0x000002249e62f800
Event: 7503.613 Thread 0x000002249e630000 Thread exited: 0x000002249e630000


Dynamic libraries:
0x00007ff713ac0000 - 0x00007ff713af0000 	C:\Users\USER\Xilinx\Vivado\2019.2\bin\unwrapped\win64.o\vivado.exe
0x00007fff0e2f0000 - 0x00007fff0e4e8000 	C:\WINDOWS\SYSTEM32\ntdll.dll
0x00007fff0e190000 - 0x00007fff0e24f000 	C:\WINDOWS\System32\KERNEL32.DLL
0x00007fff0bdf0000 - 0x00007fff0c0c2000 	C:\WINDOWS\System32\KERNELBASE.dll
0x00007fff0bc90000 - 0x00007fff0bd90000 	C:\WINDOWS\System32\ucrtbase.dll
0x00007ffef5850000 - 0x00007ffef58de000 	C:\WINDOWS\SYSTEM32\MSVCP140.dll
0x00007ffeb7a50000 - 0x00007ffeb8993000 	C:\Users\USER\Xilinx\Vivado\2019.2\lib\win64.o\librdi_common.dll
0x00007ffefb5d0000 - 0x00007ffefb5e4000 	C:\Users\USER\Xilinx\Vivado\2019.2\lib\win64.o\libboost_signals.dll
0x00007fff048d0000 - 0x00007fff048e6000 	C:\Users\USER\Xilinx\Vivado\2019.2\lib\win64.o\librdi_commonmain.dll
0x00007ffef5af0000 - 0x00007ffef5b0b000 	C:\WINDOWS\SYSTEM32\VCRUNTIME140.dll
0x00007fff0c3a0000 - 0x00007fff0c541000 	C:\WINDOWS\System32\USER32.dll
0x00007fff0bd90000 - 0x00007fff0bdb2000 	C:\WINDOWS\System32\win32u.dll
0x00007ffef4870000 - 0x00007ffef487c000 	C:\WINDOWS\SYSTEM32\VCRUNTIME140_1.dll
0x00007fff0d9e0000 - 0x00007fff0da0b000 	C:\WINDOWS\System32\GDI32.dll
0x00007fff0bae0000 - 0x00007fff0bbef000 	C:\WINDOWS\System32\gdi32full.dll
0x00007fff0bbf0000 - 0x00007fff0bc8d000 	C:\WINDOWS\System32\msvcp_win.dll
0x00007fff0da10000 - 0x00007fff0dabe000 	C:\WINDOWS\System32\ADVAPI32.dll
0x00007ffec0120000 - 0x00007ffec048e000 	C:\Users\USER\Xilinx\Vivado\2019.2\lib\win64.o\libCOIN-all.dll
0x00007fff0ca40000 - 0x00007fff0cade000 	C:\WINDOWS\System32\msvcrt.dll
0x00007fff04850000 - 0x00007fff04876000 	C:\Users\USER\Xilinx\Vivado\2019.2\lib\win64.o\libboost_filesystem.dll
0x00007fff0d760000 - 0x00007fff0d7fc000 	C:\WINDOWS\System32\sechost.dll
0x00007fff04650000 - 0x00007fff04664000 	C:\Users\USER\Xilinx\Vivado\2019.2\lib\win64.o\libboost_date_time.dll
0x00007fff0d630000 - 0x00007fff0d755000 	C:\WINDOWS\System32\RPCRT4.dll
0x00007fff0cb40000 - 0x00007fff0d284000 	C:\WINDOWS\System32\SHELL32.dll
0x00007fff0bdc0000 - 0x00007fff0bde7000 	C:\WINDOWS\System32\bcrypt.dll
0x00007fff07690000 - 0x00007fff0769a000 	C:\Users\USER\Xilinx\Vivado\2019.2\lib\win64.o\librdi_commonversion.dll
0x00007ffedf820000 - 0x00007ffedf89f000 	C:\Users\USER\Xilinx\Vivado\2019.2\lib\win64.o\libboost_program_options.dll
0x00007ffeced50000 - 0x00007ffeceef1000 	C:\Users\USER\Xilinx\Vivado\2019.2\lib\win64.o\librdi_commonxillic.dll
0x0000000052a40000 - 0x0000000052b6b000 	C:\Users\USER\Xilinx\Vivado\2019.2\lib\win64.o\tcl85t.dll
0x00007ffede990000 - 0x00007ffedeaa4000 	C:\Users\USER\Xilinx\Vivado\2019.2\lib\win64.o\libboost_regex.dll
0x00007fff0d880000 - 0x00007fff0d8eb000 	C:\WINDOWS\System32\WS2_32.dll
0x00007fff05010000 - 0x00007fff0501b000 	C:\Users\USER\Xilinx\Vivado\2019.2\lib\win64.o\libboost_system.dll
0x00007fff04b90000 - 0x00007fff04b9f000 	C:\Users\USER\Xilinx\Vivado\2019.2\lib\win64.o\libboost_xilinx.dll
0x00007ffef3be0000 - 0x00007ffef3c01000 	C:\Users\USER\Xilinx\Vivado\2019.2\lib\win64.o\libboost_thread.dll
0x00007ffedf790000 - 0x00007ffedf812000 	C:\Users\USER\Xilinx\Vivado\2019.2\lib\win64.o\libhdlpsolve.dll
0x00007ffed3a40000 - 0x00007ffed3ae5000 	C:\Users\USER\Xilinx\Vivado\2019.2\lib\win64.o\libhdxml.dll
0x00007ffeb5e90000 - 0x00007ffeb6a8c200 	C:\Users\USER\Xilinx\Vivado\2019.2\lib\win64.o\libisl_iostreams.dll
0x00007ffef3a30000 - 0x00007ffef3a5e000 	C:\Users\USER\Xilinx\Vivado\2019.2\lib\win64.o\libisl_sysinfo.dll
0x00007ffef68d0000 - 0x00007ffef68ea000 	C:\Users\USER\Xilinx\Vivado\2019.2\lib\win64.o\pthreadVC2.dll
0x00007ffeee100000 - 0x00007ffeee165000 	C:\Users\USER\Xilinx\Vivado\2019.2\lib\win64.o\liblmx6.0.dll
0x00007ffef3720000 - 0x00007ffef373c000 	C:\Users\USER\Xilinx\Vivado\2019.2\lib\win64.o\librdiconfig.dll
0x00007ffef36f0000 - 0x00007ffef3711000 	C:\Users\USER\Xilinx\Vivado\2019.2\lib\win64.o\librdizlib.dll
0x0000000012000000 - 0x0000000012270000 	C:\Users\USER\Xilinx\Vivado\2019.2\lib\win64.o\xerces-c_3_1.dll
0x00007ffef54e0000 - 0x00007ffef54f9000 	C:\WINDOWS\SYSTEM32\NETAPI32.dll
0x00007ffef6030000 - 0x00007ffef6509000 	C:\WINDOWS\SYSTEM32\WININET.dll
0x00007fff06250000 - 0x00007fff0635c000 	C:\WINDOWS\SYSTEM32\WINHTTP.dll
0x00007ffefb740000 - 0x00007ffefb92d000 	C:\WINDOWS\SYSTEM32\urlmon.dll
0x00007ffef3c50000 - 0x00007ffef3c59000 	C:\WINDOWS\SYSTEM32\WSOCK32.dll
0x00007ffeb3bd0000 - 0x00007ffeb4a61000 	C:\Users\USER\Xilinx\Vivado\2019.2\lib\win64.o\gurobi65.dll
0x00007ffeeed40000 - 0x00007ffeeed6d000 	C:\WINDOWS\SYSTEM32\VCOMP140.DLL
0x00007ffec5c80000 - 0x00007ffec5f5b000 	C:\Users\USER\Xilinx\Vivado\2019.2\lib\win64.o\libXil_lmgr11.dll
0x00007fff0c960000 - 0x00007fff0ca3a000 	C:\WINDOWS\System32\COMDLG32.dll
0x00007fff040e0000 - 0x00007fff040ed000 	C:\Users\USER\Xilinx\Vivado\2019.2\lib\win64.o\libboost_chrono.dll
0x00007fff0c600000 - 0x00007fff0c955000 	C:\WINDOWS\System32\combase.dll
0x00007ffef05e0000 - 0x00007ffef05fb000 	C:\Users\USER\Xilinx\Vivado\2019.2\lib\win64.o\libboost_iostreams.dll
0x00007fff0c550000 - 0x00007fff0c5fd000 	C:\WINDOWS\System32\shcore.dll
0x00007fff0c330000 - 0x00007fff0c385000 	C:\WINDOWS\System32\SHLWAPI.dll
0x00007ffeeed10000 - 0x00007ffeeed35000 	C:\Users\USER\Xilinx\Vivado\2019.2\lib\win64.o\libisl_iosutils.dll
0x00007ffef9c50000 - 0x00007ffef9f01000 	C:\WINDOWS\SYSTEM32\iertutil.dll
0x00007fff0d450000 - 0x00007fff0d51d000 	C:\WINDOWS\System32\OLEAUT32.dll
0x00007ffefd830000 - 0x00007ffefd858000 	C:\WINDOWS\SYSTEM32\srvcli.dll
0x00007fff0ae80000 - 0x00007fff0ae8c000 	C:\WINDOWS\SYSTEM32\netutils.dll
0x00007fff0df30000 - 0x00007fff0e05a000 	C:\WINDOWS\System32\ole32.dll
0x00007fff0ba70000 - 0x00007fff0bad9000 	C:\WINDOWS\System32\WINTRUST.dll
0x00007fff0c180000 - 0x00007fff0c2d6000 	C:\WINDOWS\System32\CRYPT32.dll
0x00007ffef7f90000 - 0x00007ffef8040000 	C:\WINDOWS\WinSxS\amd64_microsoft.windows.common-controls_6595b64144ccf1df_5.82.19041.1110_none_792d1c772443f647\COMCTL32.dll
0x00007fff052c0000 - 0x00007fff052dd000 	C:\WINDOWS\SYSTEM32\dhcpcsvc.DLL
0x00007fff0d9a0000 - 0x00007fff0d9d2000 	C:\WINDOWS\System32\IMM32.DLL
0x00007fff0b5d0000 - 0x00007fff0b5e2000 	C:\WINDOWS\SYSTEM32\MSASN1.dll
0x00007fff098a0000 - 0x00007fff098b2000 	C:\WINDOWS\SYSTEM32\kernel.appcore.dll
0x00007ffeb36b0000 - 0x00007ffeb3bc7000 	C:\Users\USER\Xilinx\Vivado\2019.2\lib\win64.o\librdi_commontasks.dll
0x00007fff04310000 - 0x00007fff0431a000 	C:\WINDOWS\SYSTEM32\VERSION.dll
0x00007ffeb7760000 - 0x00007ffeb7a43000 	C:\Users\USER\Xilinx\Vivado\2019.2\lib\win64.o\librdi_sio.dll
0x00000000516e0000 - 0x0000000052105000 	C:\Users\USER\Xilinx\Vivado\2019.2\tps\win64\jre9.0.4\bin\server\jvm.dll
0x00007fff0c390000 - 0x00007fff0c398000 	C:\WINDOWS\System32\PSAPI.DLL
0x00007fff0ae40000 - 0x00007fff0ae7b000 	C:\WINDOWS\SYSTEM32\IPHLPAPI.DLL
0x00007fff03460000 - 0x00007fff03487000 	C:\WINDOWS\SYSTEM32\WINMM.dll
0x00007fff0b1a0000 - 0x00007fff0b20a000 	C:\WINDOWS\SYSTEM32\MSWSOCK.DLL
0x00007ffed14e0000 - 0x00007ffed15cf000 	C:\Users\USER\Xilinx\Vivado\2019.2\tps\win64\jre9.0.4\bin\MSVCR120.dll
0x00007fff09aa0000 - 0x00007fff0a232000 	C:\WINDOWS\SYSTEM32\windows.storage.dll
0x00007fff0b440000 - 0x00007fff0b470000 	C:\WINDOWS\SYSTEM32\Wldp.dll
0x00007ffea2500000 - 0x00007ffea4c45000 	C:\Users\USER\Xilinx\Vivado\2019.2\lib\win64.o\librdi_tcltasks.dll
0x00007ffecb420000 - 0x00007ffecb8d4000 	C:\Users\USER\Xilinx\Vivado\2019.2\lib\win64.o\librdi_bitstream.dll
0x00007ffed3680000 - 0x00007ffed36fb000 	C:\Users\USER\Xilinx\Vivado\2019.2\lib\win64.o\librdi_boarddep.dll
0x00007ffed1600000 - 0x00007ffed1752000 	C:\Users\USER\Xilinx\Vivado\2019.2\lib\win64.o\librdi_cd_client.dll
0x00007ffec8530000 - 0x00007ffec86cd000 	C:\Users\USER\Xilinx\Vivado\2019.2\lib\win64.o\librdi_board.dll
0x00007ffed3820000 - 0x00007ffed390f000 	C:\Users\USER\Xilinx\Vivado\2019.2\lib\win64.o\librdi_chipscope.dll
0x00007ffed0b30000 - 0x00007ffed0cf0000 	C:\Users\USER\Xilinx\Vivado\2019.2\lib\win64.o\librdi_chipscopeimpl.dll
0x00007ffea0a20000 - 0x00007ffea24fa000 	C:\Users\USER\Xilinx\Vivado\2019.2\lib\win64.o\librdi_constraints.dll
0x00007ffec5950000 - 0x00007ffec5c74000 	C:\Users\USER\Xilinx\Vivado\2019.2\lib\win64.o\librdi_containers.dll
0x00007ffe9ea30000 - 0x00007ffea0a20000 	C:\Users\USER\Xilinx\Vivado\2019.2\lib\win64.o\librdi_coregen.dll
0x00007ffebb050000 - 0x00007ffebb729000 	C:\Users\USER\Xilinx\Vivado\2019.2\lib\win64.o\librdi_coregenipxact.dll
0x00007ffe69350000 - 0x00007ffe6d61b000 	C:\Users\USER\Xilinx\Vivado\2019.2\lib\win64.o\librdi_designutils.dll
0x00007ffe83a10000 - 0x00007ffe985bb000 	C:\Users\USER\Xilinx\Vivado\2019.2\lib\win64.o\librdi_device.dll
0x00007ffeb5550000 - 0x00007ffeb589a000 	C:\Users\USER\Xilinx\Vivado\2019.2\lib\win64.o\librdi_dlyest.dll
0x00007ffeb4f80000 - 0x00007ffeb554d000 	C:\Users\USER\Xilinx\Vivado\2019.2\lib\win64.o\librdi_drc.dll
0x00007ffed0310000 - 0x00007ffed03d4000 	C:\Users\USER\Xilinx\Vivado\2019.2\lib\win64.o\librdi_dsp.dll
0x00007ffea8a70000 - 0x00007ffea90db000 	C:\Users\USER\Xilinx\Vivado\2019.2\lib\win64.o\librdi_filemgmt.dll
0x00007ffeb4c70000 - 0x00007ffeb4f80000 	C:\Users\USER\Xilinx\Vivado\2019.2\lib\win64.o\librdi_guitools.dll
0x00007ffede920000 - 0x00007ffede98a000 	C:\Users\USER\Xilinx\Vivado\2019.2\lib\win64.o\librdi_hdf.dll
0x00007ffecd230000 - 0x00007ffecd450000 	C:\Users\USER\Xilinx\Vivado\2019.2\lib\win64.o\librdi_hip_devdesign.dll
0x00007ffed01c0000 - 0x00007ffed0308000 	C:\Users\USER\Xilinx\Vivado\2019.2\lib\win64.o\librdi_hip_perf_analysis.dll
0x00007ffe9d2c0000 - 0x00007ffe9ea2d000 	C:\Users\USER\Xilinx\Vivado\2019.2\lib\win64.o\librdi_implflow.dll
0x00007ffea8180000 - 0x00007ffea87b1000 	C:\Users\USER\Xilinx\Vivado\2019.2\lib\win64.o\librdi_memdata.dll
0x00007ffe7df90000 - 0x00007ffe80d5b000 	C:\Users\USER\Xilinx\Vivado\2019.2\lib\win64.o\librdi_mig.dll
0x00007ffedae80000 - 0x00007ffedaef4000 	C:\Users\USER\Xilinx\Vivado\2019.2\lib\win64.o\librdi_memoryarray.dll
0x00007ffe9cbd0000 - 0x00007ffe9d2b3000 	C:\Users\USER\Xilinx\Vivado\2019.2\lib\win64.o\librdi_netlist.dll
0x00007ffe98b40000 - 0x00007ffe9b407000 	C:\Users\USER\Xilinx\Vivado\2019.2\lib\win64.o\librdi_place.dll
0x00007ffe9c3c0000 - 0x00007ffe9cbcb000 	C:\Users\USER\Xilinx\Vivado\2019.2\lib\win64.o\librdi_power.dll
0x00007ffef51b0000 - 0x00007ffef51fc000 	C:\Users\USER\Xilinx\Vivado\2019.2\lib\win64.o\librdi_pfi.dll
0x00007ffeb2d70000 - 0x00007ffeb308b000 	C:\Users\USER\Xilinx\Vivado\2019.2\lib\win64.o\librdi_platform.dll
0x00007ffeb2210000 - 0x00007ffeb27ca000 	C:\Users\USER\Xilinx\Vivado\2019.2\lib\win64.o\librdi_project.dll
0x00007ffe9bcf0000 - 0x00007ffe9c3b1000 	C:\Users\USER\Xilinx\Vivado\2019.2\lib\win64.o\librdi_rsb.dll
0x00007ffe832d0000 - 0x00007ffe83a03000 	C:\Users\USER\Xilinx\Vivado\2019.2\lib\win64.o\librdi_psta.dll
0x00007ffea7d50000 - 0x00007ffea8173000 	C:\Users\USER\Xilinx\Vivado\2019.2\lib\win64.o\librdi_runs.dll
0x00007ffecfb80000 - 0x00007ffecfc88000 	C:\Users\USER\Xilinx\Vivado\2019.2\lib\win64.o\librdi_runsbase.dll
0x00007ffecb1a0000 - 0x00007ffecb415000 	C:\Users\USER\Xilinx\Vivado\2019.2\lib\win64.o\librdi_simdata.dll
0x00007ffe82440000 - 0x00007ffe832cd000 	C:\Users\USER\Xilinx\Vivado\2019.2\lib\win64.o\librdi_timing.dll
0x00007ffece540000 - 0x00007ffece6e0000 	C:\Users\USER\Xilinx\Vivado\2019.2\lib\win64.o\librdi_cd_protocol.dll
0x00007ffec6340000 - 0x00007ffec64e1000 	C:\Users\USER\Xilinx\Vivado\2019.2\lib\win64.o\librdi_advchipscopeimpl.dll
0x00007ffee7440000 - 0x00007ffee748c000 	C:\Users\USER\Xilinx\Vivado\2019.2\lib\win64.o\libboost_serialization.dll
0x00007ffecfea0000 - 0x00007ffecff77000 	C:\Users\USER\Xilinx\Vivado\2019.2\lib\win64.o\librdi_ipconfig_readwrite.dll
0x00007ffeeaa90000 - 0x00007ffeeaada000 	C:\Users\USER\Xilinx\Vivado\2019.2\lib\win64.o\librdi_noc_frameworks.dll
0x00007ffea90e0000 - 0x00007ffea9c27000 	C:\Users\USER\Xilinx\Vivado\2019.2\lib\win64.o\libverific.dll
0x00007ffebff30000 - 0x00007ffec0114000 	C:\Users\USER\Xilinx\Vivado\2019.2\lib\win64.o\librdi_hip_config.dll
0x00007ffea5620000 - 0x00007ffea5b6e000 	C:\Users\USER\Xilinx\Vivado\2019.2\lib\win64.o\librdi_xdm.dll
0x00007ffecefd0000 - 0x00007ffecf06e000 	C:\Users\USER\Xilinx\Vivado\2019.2\lib\win64.o\libise.dll
0x00007ffedf040000 - 0x00007ffedf08a000 	C:\Users\USER\Xilinx\Vivado\2019.2\lib\win64.o\librdi_wavedata_SimpleApi.dll

VM Arguments:
jvm_args: -Dsun.java2d.pmoffscreen=false -Dsun.java2d.xrender=false -Dsun.java2d.d3d=false -Dsun.awt.nopixfmt=true -Dsun.java2d.dpiaware=true -Dsun.java2d.uiScale.enabled=false -Xverify:none -Dswing.aatext=true -XX:-UsePerfData -Djdk.map.althashing.threshold=512 -XX:StringTableSize=4072 --add-opens=java.base/java.nio=ALL-UNNAMED --add-opens=java.desktop/sun.swing=ALL-UNNAMED --add-opens=java.desktop/javax.swing=ALL-UNNAMED --add-opens=java.desktop/javax.swing.tree=ALL-UNNAMED --add-opens=java.desktop/javax.swing.plaf.basic=ALL-UNNAMED --add-opens=java.desktop/javax.swing.plaf.synth=ALL-UNNAMED --add-opens=java.desktop/com.sun.awt=ALL-UNNAMED -XX:NewSize=60m -XX:MaxNewSize=60m -Xms128m -Xmx3072m -Xss5m 
java_command: <unknown>
java_class_path (initial): C:/Users/USER/Xilinx/Vivado/2019.2\lib\classes\alloy.jar;C:/Users/USER/Xilinx/Vivado/2019.2\lib\classes\autoesl-common.jar;C:/Users/USER/Xilinx/Vivado/2019.2\lib\classes\autoesl-models.jar;C:/Users/USER/Xilinx/Vivado/2019.2\lib\classes\autoesl-report.jar;C:/Users/USER/Xilinx/Vivado/2019.2\lib\classes\autopilot.scelaborator.jar;C:/Users/USER/Xilinx/Vivado/2019.2\lib\classes\autopilot.sourceprocessor.jar;C:/Users/USER/Xilinx/Vivado/2019.2\lib\classes\autopilot.tbprocessor.jar;C:/Users/USER/Xilinx/Vivado/2019.2\lib\classes\batik-anim.jar;C:/Users/USER/Xilinx/Vivado/2019.2\lib\classes\batik-awt-util.jar;C:/Users/USER/Xilinx/Vivado/2019.2\lib\classes\batik-bridge.jar;C:/Users/USER/Xilinx/Vivado/2019.2\lib\classes\batik-codec.jar;C:/Users/USER/Xilinx/Vivado/2019.2\lib\classes\batik-css.jar;C:/Users/USER/Xilinx/Vivado/2019.2\lib\classes\batik-dom.jar;C:/Users/USER/Xilinx/Vivado/2019.2\lib\classes\batik-ext.jar;C:/Users/USER/Xilinx/Vivado/2019.2\lib\classes\batik-gui-util.jar;C:/Users/USER/Xilinx/Vivado/2019.2\lib\classes\batik-gvt.jar;C:/Users/USER/Xilinx/Vivado/2019.2\lib\classes\batik-parser.jar;C:/Users/USER/Xilinx/Vivado/2019.2\lib\classes\batik-script.jar;C:/Users/USER/Xilinx/Vivado/2019.2\lib\classes\batik-svg-dom.jar;C:/Users/USER/Xilinx/Vivado/2019.2\lib\classes\batik-swing.jar;C:/Users/USER/Xilinx/Vivado/2019.2\lib\classes\batik-transcoder.jar;C:/Users/USER/Xilinx/Vivado/2019.2\lib\classes\batik-util.jar;C:/Users/USER/Xilinx/Vivado/2019.2\lib\classes\batik-xml.jar;C:/Users/USER/Xilinx/Vivado/2019.2\lib\classes\com.google.gson_2.7.0.v20170129-0911.jar;C:/Users/USER/Xilinx/Vivado/2019.2\lib\classes\com.google.guava_21.0.0.v20170206-1425.jar;C:/Users/USER/Xilinx/Vivado/2019.2\lib\classes\com.ibm.icu_4.4.2.v20110208.jar;C:/Users/USER/Xilinx/Vivado/2019.2\lib\classes\com.sigasi.hdt.connection_4.5.0.201909241521.jar;C:/Users/USER/Xilinx/Vivado/2019.2\lib\classes\com.sigasi.hdt.epl_4.5.0.201909241521.jar;C:/Users/USER/Xilinx/Vivado/2019.2\lib
Launcher Type: generic

Logging:
Log output configuration:
#0: stdout all=warning uptime,level,tags
#1: stderr all=off uptime,level,tags

Environment Variables:
PATH=C:/Users/USER/Xilinx/Vivado/2019.2\gnuwin\bin;C:/Users/USER/Xilinx/Vivado/2019.2\gnu\microblaze\nt\bin;C:/Users/USER/Xilinx/Vivado/2019.2/bin;C:/Users/USER/Xilinx/Vivado/2019.2/lib/win64.o;C:/Users/USER/Xilinx/Vivado/2019.2/tps/win64/jre9.0.4/bin/server;C:/Users/USER/Xilinx/Vivado/2019.2/tps/win64/jre9.0.4/bin;C:/Users/USER/Xilinx/Vitis/2019.2/bin;C:/Users/USER/Xilinx/Vivado/2019.2/ids_lite/ISE/bin/nt64;C:/Users/USER/Xilinx/Vivado/2019.2/ids_lite/ISE/lib/nt64;C:\Program Files (x86)\Microsoft SDKs\Azure\CLI2\wbin;C:\Windows\system32;C:\Windows;C:\Windows\System32\Wbem;C:\Program Files\mingw-w64\x86_64-8.1.0-posix-seh-rt_v6-rev0\mingw64\bin;C:\Users\USER\AppData\Local\Microsoft\WindowsApps;C:\Users\USER\OneDrive\®à­±\vscode\Microsoft VS Code\bin;C:\Program Files\dotnet\;C:\Program Files (x86)\Pulse Secure\VC142.CRT\X64\;C:\Program Files (x86)\Pulse Secure\VC142.CRT\X86\;C:\Users\USER\AppData\Local\Programs\Python\Python39\Scripts\;C:\Users\USER\AppData\Local\Programs\Python\Python39\;C:\Users\USER\.dotnet\tools;C:\Users\USER\AppData\Local\Programs\MiKTeX\miktex\bin\x64\;C:/Users/USER/Xilinx/Vivado/2019.2\tps\mingw\6.2.0\win64.o\nt\bin;C:/Users/USER/Xilinx/Vivado/2019.2\tps\mingw\6.2.0\win64.o\nt\libexec\gcc\x86_64-w64-mingw32\6.2.0;C:/Users/USER/Xilinx/Vivado/2019.2\tps\win64\python-2.7.5;C:/Users/USER/Xilinx/Vivado/2019.2\tps\win64\python-2.7.5\bin;C:/Users/USER/Xilinx/Vivado/2019.2\tps\win64\python-2.7.5\lib;C:/Users/USER/Xilinx/Vivado/2019.2\tps\win64\python-2.7.5\Lib\lib-tk;C:/Users/USER/Xilinx/Vivado/2019.2\tps\win64\python-2.7.5\lib\site-packages
USERNAME=USER
OS=Windows_NT
PROCESSOR_IDENTIFIER=AMD64 Family 23 Model 24 Stepping 1, AuthenticAMD



---------------  S Y S T E M  ---------------

OS: Windows 10 , 64 bit Build 19041 (10.0.19041.2364)

CPU:total 8 (initial active 8) (8 cores per cpu, 1 threads per core) family 23 model 24 stepping 1, cmov, cx8, fxsr, mmx, sse, sse2, sse3, ssse3, sse4.1, sse4.2, popcnt, avx, avx2, aes, clmul, mmxext, 3dnowpref, lzcnt, sse4a, tsc, tscinvbit, tscinv, bmi1

Memory: 4k page, physical 7800076k(1391576k free), swap 16986188k(2994500k free)

vm_info: Java HotSpot(TM) 64-Bit Server VM (9.0.4+11) for windows-amd64 JRE (9.0.4+11), built on Dec 20 2017 02:18:54 by "mach5one" with MS VC++ 12.0 (VS2013)

END.
